<?xml version="1.0" encoding="UTF-8"?>
<testsuite name="com.ncorp.ejb.CategoryEjbTest" time="0.244" tests="1" errors="1" skipped="0" failures="0">
  <properties>
[...]
</properties>
  <testcase name="com.ncorp.ejb.CategoryEjbTest" classname="com.ncorp.ejb.CategoryEjbTest" time="0.244">
    <error message="Cannot deploy test.war: {&quot;WFLYCTL0062: Composite operation failed and was rolled back. Steps that failed:&quot; =&gt; {&quot;Operation step-1&quot; =&gt; {&quot;WFLYCTL0080: Failed services&quot; =&gt; {&quot;jboss.deployment.unit.\&quot;test.war\&quot;.component.DefaultDataInitializerEjb.START&quot; =&gt; &quot;org.jboss.msc.service.StartException in service jboss.deployment.unit.\&quot;test.war\&quot;.component.DefaultDataInitializerEjb.START: java.lang.IllegalStateException: WFLYEE0042: Failed to construct component instance&#10;    Caused by: java.lang.IllegalStateException: WFLYEE0042: Failed to construct component instance&#10;    Caused by: javax.ejb.EJBTransactionRolledbackException&#10;    Caused by: java.lang.NullPointerException&quot;},&quot;WFLYCTL0412: Required services that are not installed:&quot; =&gt; [&quot;jboss.deployment.unit.\&quot;test.war\&quot;.component.DefaultDataInitializerEjb.START&quot;],&quot;WFLYCTL0180: Services with missing/unavailable dependencies&quot; =&gt; undefined}}}" type="org.jboss.arquillian.container.spi.client.container.DeploymentException">org.jboss.arquillian.container.spi.client.container.DeploymentException: Cannot deploy test.war: {"WFLYCTL0062: Composite operation failed and was rolled back. Steps that failed:" => {"Operation step-1" => {"WFLYCTL0080: Failed services" => {"jboss.deployment.unit.\"test.war\".component.DefaultDataInitializerEjb.START" => "org.jboss.msc.service.StartException in service jboss.deployment.unit.\"test.war\".component.DefaultDataInitializerEjb.START: java.lang.IllegalStateException: WFLYEE0042: Failed to construct component instance
    Caused by: java.lang.IllegalStateException: WFLYEE0042: Failed to construct component instance
    Caused by: javax.ejb.EJBTransactionRolledbackException
    Caused by: java.lang.NullPointerException"},"WFLYCTL0412: Required services that are not installed:" => ["jboss.deployment.unit.\"test.war\".component.DefaultDataInitializerEjb.START"],"WFLYCTL0180: Services with missing/unavailable dependencies" => undefined}}}
	at org.jboss.as.arquillian.container.ArchiveDeployer.deployInternal(ArchiveDeployer.java:184)
	at org.jboss.as.arquillian.container.ArchiveDeployer.deployInternal(ArchiveDeployer.java:162)
	at org.jboss.as.arquillian.container.ArchiveDeployer.deploy(ArchiveDeployer.java:91)
	at org.jboss.as.arquillian.container.CommonDeployableContainer.deploy(CommonDeployableContainer.java:244)
	at org.jboss.arquillian.container.impl.client.container.ContainerDeployController$3.call(ContainerDeployController.java:151)
	at org.jboss.arquillian.container.impl.client.container.ContainerDeployController$3.call(ContainerDeployController.java:118)
	at org.jboss.arquillian.container.impl.client.container.ContainerDeployController.executeOperation(ContainerDeployController.java:239)
	at org.jboss.arquillian.container.impl.client.container.ContainerDeployController.deploy(ContainerDeployController.java:118)
	at sun.reflect.NativeMethodAccessorImpl.invoke0(Native Method)
	at sun.reflect.NativeMethodAccessorImpl.invoke(NativeMethodAccessorImpl.java:62)
	at sun.reflect.DelegatingMethodAccessorImpl.invoke(DelegatingMethodAccessorImpl.java:43)
	at java.lang.reflect.Method.invoke(Method.java:498)
	at org.jboss.arquillian.core.impl.ObserverImpl.invoke(ObserverImpl.java:86)
	at org.jboss.arquillian.core.impl.EventContextImpl.invokeObservers(EventContextImpl.java:103)
	at org.jboss.arquillian.core.impl.EventContextImpl.proceed(EventContextImpl.java:90)
	at org.jboss.arquillian.container.impl.client.ContainerDeploymentContextHandler.createDeploymentContext(ContainerDeploymentContextHandler.java:71)
	at sun.reflect.NativeMethodAccessorImpl.invoke0(Native Method)
	at sun.reflect.NativeMethodAccessorImpl.invoke(NativeMethodAccessorImpl.java:62)
	at sun.reflect.DelegatingMethodAccessorImpl.invoke(DelegatingMethodAccessorImpl.java:43)
	at java.lang.reflect.Method.invoke(Method.java:498)
	at org.jboss.arquillian.core.impl.ObserverImpl.invoke(ObserverImpl.java:86)
	at org.jboss.arquillian.core.impl.EventContextImpl.proceed(EventContextImpl.java:95)
	at org.jboss.arquillian.container.impl.client.ContainerDeploymentContextHandler.createContainerContext(ContainerDeploymentContextHandler.java:54)
	at sun.reflect.NativeMethodAccessorImpl.invoke0(Native Method)
	at sun.reflect.NativeMethodAccessorImpl.invoke(NativeMethodAccessorImpl.java:62)
	at sun.reflect.DelegatingMethodAccessorImpl.invoke(DelegatingMethodAccessorImpl.java:43)
	at java.lang.reflect.Method.invoke(Method.java:498)
	at org.jboss.arquillian.core.impl.ObserverImpl.invoke(ObserverImpl.java:86)
	at org.jboss.arquillian.core.impl.EventContextImpl.proceed(EventContextImpl.java:95)
	at org.jboss.arquillian.container.impl.client.container.DeploymentExceptionHandler.verifyExpectedExceptionDuringDeploy(DeploymentExceptionHandler.java:47)
	at sun.reflect.NativeMethodAccessorImpl.invoke0(Native Method)
	at sun.reflect.NativeMethodAccessorImpl.invoke(NativeMethodAccessorImpl.java:62)
	at sun.reflect.DelegatingMethodAccessorImpl.invoke(DelegatingMethodAccessorImpl.java:43)
	at java.lang.reflect.Method.invoke(Method.java:498)
	at org.jboss.arquillian.core.impl.ObserverImpl.invoke(ObserverImpl.java:86)
	at org.jboss.arquillian.core.impl.EventContextImpl.proceed(EventContextImpl.java:95)
	at org.jboss.arquillian.core.impl.ManagerImpl.fire(ManagerImpl.java:133)
	at org.jboss.arquillian.core.impl.ManagerImpl.fire(ManagerImpl.java:105)
	at org.jboss.arquillian.core.impl.EventImpl.fire(EventImpl.java:62)
	at org.jboss.arquillian.container.impl.client.container.ContainerDeployController$1.perform(ContainerDeployController.java:92)
	at org.jboss.arquillian.container.impl.client.container.ContainerDeployController$1.perform(ContainerDeployController.java:77)
	at org.jboss.arquillian.container.impl.client.container.ContainerDeployController.forEachDeployment(ContainerDeployController.java:232)
	at org.jboss.arquillian.container.impl.client.container.ContainerDeployController.forEachManagedDeployment(ContainerDeployController.java:212)
	at org.jboss.arquillian.container.impl.client.container.ContainerDeployController.deployManaged(ContainerDeployController.java:77)
	at sun.reflect.NativeMethodAccessorImpl.invoke0(Native Method)
	at sun.reflect.NativeMethodAccessorImpl.invoke(NativeMethodAccessorImpl.java:62)
	at sun.reflect.DelegatingMethodAccessorImpl.invoke(DelegatingMethodAccessorImpl.java:43)
	at java.lang.reflect.Method.invoke(Method.java:498)
	at org.jboss.arquillian.core.impl.ObserverImpl.invoke(ObserverImpl.java:86)
	at org.jboss.arquillian.core.impl.EventContextImpl.invokeObservers(EventContextImpl.java:103)
	at org.jboss.arquillian.core.impl.EventContextImpl.proceed(EventContextImpl.java:90)
	at org.jboss.arquillian.core.impl.ManagerImpl.fire(ManagerImpl.java:133)
	at org.jboss.arquillian.core.impl.ManagerImpl.fire(ManagerImpl.java:105)
	at org.jboss.arquillian.core.impl.EventImpl.fire(EventImpl.java:62)
	at org.jboss.arquillian.container.test.impl.client.ContainerEventController.execute(ContainerEventController.java:96)
	at sun.reflect.NativeMethodAccessorImpl.invoke0(Native Method)
	at sun.reflect.NativeMethodAccessorImpl.invoke(NativeMethodAccessorImpl.java:62)
	at sun.reflect.DelegatingMethodAccessorImpl.invoke(DelegatingMethodAccessorImpl.java:43)
	at java.lang.reflect.Method.invoke(Method.java:498)
	at org.jboss.arquillian.core.impl.ObserverImpl.invoke(ObserverImpl.java:86)
	at org.jboss.arquillian.core.impl.EventContextImpl.invokeObservers(EventContextImpl.java:103)
	at org.jboss.arquillian.core.impl.EventContextImpl.proceed(EventContextImpl.java:90)
	at org.jboss.arquillian.test.impl.TestContextHandler.createClassContext(TestContextHandler.java:83)
	at sun.reflect.NativeMethodAccessorImpl.invoke0(Native Method)
	at sun.reflect.NativeMethodAccessorImpl.invoke(NativeMethodAccessorImpl.java:62)
	at sun.reflect.DelegatingMethodAccessorImpl.invoke(DelegatingMethodAccessorImpl.java:43)
	at java.lang.reflect.Method.invoke(Method.java:498)
	at org.jboss.arquillian.core.impl.ObserverImpl.invoke(ObserverImpl.java:86)
	at org.jboss.arquillian.core.impl.EventContextImpl.proceed(EventContextImpl.java:95)
	at org.jboss.arquillian.test.impl.TestContextHandler.createSuiteContext(TestContextHandler.java:69)
	at sun.reflect.NativeMethodAccessorImpl.invoke0(Native Method)
	at sun.reflect.NativeMethodAccessorImpl.invoke(NativeMethodAccessorImpl.java:62)
	at sun.reflect.DelegatingMethodAccessorImpl.invoke(DelegatingMethodAccessorImpl.java:43)
	at java.lang.reflect.Method.invoke(Method.java:498)
	at org.jboss.arquillian.core.impl.ObserverImpl.invoke(ObserverImpl.java:86)
	at org.jboss.arquillian.core.impl.EventContextImpl.proceed(EventContextImpl.java:95)
	at org.jboss.arquillian.core.impl.ManagerImpl.fire(ManagerImpl.java:133)
	at org.jboss.arquillian.core.impl.ManagerImpl.fire(ManagerImpl.java:105)
	at org.jboss.arquillian.test.impl.EventTestRunnerAdaptor.beforeClass(EventTestRunnerAdaptor.java:80)
	at org.jboss.arquillian.junit.Arquillian$2.evaluate(Arquillian.java:171)
	at org.jboss.arquillian.junit.Arquillian.multiExecute(Arquillian.java:376)
	at org.jboss.arquillian.junit.Arquillian.access$200(Arquillian.java:54)
	at org.jboss.arquillian.junit.Arquillian$3.evaluate(Arquillian.java:185)
	at org.junit.runners.ParentRunner.run(ParentRunner.java:363)
	at org.jboss.arquillian.junit.Arquillian.run(Arquillian.java:140)
	at org.apache.maven.surefire.junit4.JUnit4Provider.execute(JUnit4Provider.java:264)
	at org.apache.maven.surefire.junit4.JUnit4Provider.executeTestSet(JUnit4Provider.java:153)
	at org.apache.maven.surefire.junit4.JUnit4Provider.invoke(JUnit4Provider.java:124)
	at org.apache.maven.surefire.booter.ForkedBooter.invokeProviderInSameClassLoader(ForkedBooter.java:200)
	at org.apache.maven.surefire.booter.ForkedBooter.runSuitesInProcess(ForkedBooter.java:153)
	at org.apache.maven.surefire.booter.ForkedBooter.main(ForkedBooter.java:103)
</error>
    <system-out><![CDATA[&amp#27;[0m22:16:36,587 INFO  [org.jboss.as.repository] (management-handler-thread - 2) WFLYDR0001: Content added at location /home/nima/Documents/java_enterprise/homework/target/downloaded_Wildfly/wildfly/standalone/data/content/2b/0817e7b233d2f63b9312f5392091c2dd7e0730/content
&amp#27;[0m&amp#27;[0m22:16:36,590 INFO  [org.jboss.as.server.deployment] (MSC service thread 1-7) WFLYSRV0027: Starting deployment of "test.war" (runtime-name: "test.war")
&amp#27;[0m&amp#27;[0m22:16:36,718 INFO  [org.jboss.as.jpa] (MSC service thread 1-5) WFLYJPA0002: Read persistence.xml for JTA
&amp#27;[0m&amp#27;[0m22:16:36,719 INFO  [org.jboss.as.jpa] (MSC service thread 1-5) WFLYJPA0002: Read persistence.xml for DB
&amp#27;[0m&amp#27;[0m22:16:36,733 INFO  [org.jboss.as.jpa] (ServerService Thread Pool -- 63) WFLYJPA0010: Starting Persistence Unit (phase 1 of 2) Service 'test.war#DB'
&amp#27;[0m&amp#27;[0m22:16:36,733 INFO  [org.jboss.as.jpa] (ServerService Thread Pool -- 15) WFLYJPA0010: Starting Persistence Unit (phase 1 of 2) Service 'test.war#JTA'
&amp#27;[0m&amp#27;[0m22:16:36,734 INFO  [org.hibernate.jpa.internal.util.LogHelper] (ServerService Thread Pool -- 63) HHH000204: Processing PersistenceUnitInfo [
	name: DB
	...]
&amp#27;[0m&amp#27;[0m22:16:36,734 INFO  [org.hibernate.jpa.internal.util.LogHelper] (ServerService Thread Pool -- 15) HHH000204: Processing PersistenceUnitInfo [
	name: JTA
	...]
&amp#27;[0m&amp#27;[0m22:16:36,747 INFO  [org.jboss.weld.deployer] (MSC service thread 1-2) WFLYWELD0003: Processing weld deployment test.war
&amp#27;[0m&amp#27;[0m22:16:36,751 INFO  [org.jboss.as.ejb3.deployment] (MSC service thread 1-2) WFLYEJB0473: JNDI bindings for session bean named 'DefaultDataInitializerEjb' in deployment unit 'deployment "test.war"' are as follows:

	java:global/test/DefaultDataInitializerEjb!com.ncorp.ejb.DefaultDataInitializerEjb
	java:app/test/DefaultDataInitializerEjb!com.ncorp.ejb.DefaultDataInitializerEjb
	java:module/DefaultDataInitializerEjb!com.ncorp.ejb.DefaultDataInitializerEjb
	java:global/test/DefaultDataInitializerEjb
	java:app/test/DefaultDataInitializerEjb
	java:module/DefaultDataInitializerEjb

&amp#27;[0m&amp#27;[0m22:16:36,752 INFO  [org.jboss.as.ejb3.deployment] (MSC service thread 1-2) WFLYEJB0473: JNDI bindings for session bean named 'ResetEjb' in deployment unit 'deployment "test.war"' are as follows:

	java:global/test/ResetEjb!com.ncorp.ejb.ResetEjb
	java:app/test/ResetEjb!com.ncorp.ejb.ResetEjb
	java:module/ResetEjb!com.ncorp.ejb.ResetEjb
	java:global/test/ResetEjb
	java:app/test/ResetEjb
	java:module/ResetEjb

&amp#27;[0m&amp#27;[0m22:16:36,752 INFO  [org.jboss.as.ejb3.deployment] (MSC service thread 1-2) WFLYEJB0473: JNDI bindings for session bean named 'QuizEjb' in deployment unit 'deployment "test.war"' are as follows:

	java:global/test/QuizEjb!com.ncorp.ejb.QuizEjb
	java:app/test/QuizEjb!com.ncorp.ejb.QuizEjb
	java:module/QuizEjb!com.ncorp.ejb.QuizEjb
	java:global/test/QuizEjb
	java:app/test/QuizEjb
	java:module/QuizEjb

&amp#27;[0m&amp#27;[0m22:16:36,752 INFO  [org.jboss.as.ejb3.deployment] (MSC service thread 1-2) WFLYEJB0473: JNDI bindings for session bean named 'CategoryEjb' in deployment unit 'deployment "test.war"' are as follows:

	java:global/test/CategoryEjb!com.ncorp.ejb.CategoryEjb
	java:app/test/CategoryEjb!com.ncorp.ejb.CategoryEjb
	java:module/CategoryEjb!com.ncorp.ejb.CategoryEjb
	java:global/test/CategoryEjb
	java:app/test/CategoryEjb
	java:module/CategoryEjb

&amp#27;[0m&amp#27;[0m22:16:36,793 INFO  [org.infinispan.configuration.cache.EvictionConfigurationBuilder] (ServerService Thread Pool -- 63) ISPN000152: Passivation configured without an eviction policy being selected. Only manually evicted entities will be passivated.
&amp#27;[0m&amp#27;[0m22:16:36,794 INFO  [org.infinispan.configuration.cache.EvictionConfigurationBuilder] (ServerService Thread Pool -- 63) ISPN000152: Passivation configured without an eviction policy being selected. Only manually evicted entities will be passivated.
&amp#27;[0m&amp#27;[0m22:16:36,802 INFO  [org.jboss.as.clustering.infinispan] (ServerService Thread Pool -- 63) WFLYCLINF0002: Started client-mappings cache from ejb container
&amp#27;[0m&amp#27;[0m22:16:36,809 INFO  [org.jboss.as.jpa] (ServerService Thread Pool -- 15) WFLYJPA0010: Starting Persistence Unit (phase 2 of 2) Service 'test.war#DB'
&amp#27;[0m&amp#27;[0m22:16:36,810 INFO  [org.jboss.as.jpa] (ServerService Thread Pool -- 63) WFLYJPA0010: Starting Persistence Unit (phase 2 of 2) Service 'test.war#JTA'
&amp#27;[0m&amp#27;[0m22:16:36,811 INFO  [org.hibernate.dialect.Dialect] (ServerService Thread Pool -- 15) HHH000400: Using dialect: org.hibernate.dialect.H2Dialect
&amp#27;[0m&amp#27;[33m22:16:36,811 WARN  [org.hibernate.dialect.H2Dialect] (ServerService Thread Pool -- 15) HHH000431: Unable to determine H2 database version, certain features may not work
&amp#27;[0m&amp#27;[0m22:16:36,819 INFO  [org.hibernate.dialect.Dialect] (ServerService Thread Pool -- 63) HHH000400: Using dialect: org.hibernate.dialect.H2Dialect
&amp#27;[0m&amp#27;[33m22:16:36,820 WARN  [org.hibernate.dialect.H2Dialect] (ServerService Thread Pool -- 63) HHH000431: Unable to determine H2 database version, certain features may not work
&amp#27;[0m&amp#27;[0m22:16:36,824 INFO  [org.hibernate.envers.boot.internal.EnversServiceImpl] (ServerService Thread Pool -- 15) Envers integration enabled? : true
&amp#27;[0m&amp#27;[0m22:16:36,825 INFO  [org.hibernate.envers.boot.internal.EnversServiceImpl] (ServerService Thread Pool -- 63) Envers integration enabled? : true
&amp#27;[0m&amp#27;[0m22:16:36,882 INFO  [org.hibernate.tool.hbm2ddl.SchemaExport] (ServerService Thread Pool -- 15) HHH000227: Running hbm2ddl schema export
&amp#27;[0m&amp#27;[0m22:16:36,883 INFO  [org.hibernate.tool.hbm2ddl.SchemaExport] (ServerService Thread Pool -- 63) HHH000227: Running hbm2ddl schema export
&amp#27;[0m&amp#27;[0m22:16:36,884 INFO  [stdout] (ServerService Thread Pool -- 15) Hibernate: drop table Category if exists
&amp#27;[0m&amp#27;[0m22:16:36,884 INFO  [stdout] (ServerService Thread Pool -- 15) Hibernate: drop table Quiz if exists
&amp#27;[0m&amp#27;[0m22:16:36,884 INFO  [stdout] (ServerService Thread Pool -- 15) Hibernate: drop table SubCategory if exists
&amp#27;[0m&amp#27;[0m22:16:36,885 INFO  [stdout] (ServerService Thread Pool -- 15) Hibernate: drop sequence if exists hibernate_sequence
&amp#27;[0m&amp#27;[0m22:16:36,886 INFO  [stdout] (ServerService Thread Pool -- 15) Hibernate: create sequence hibernate_sequence start with 1 increment by 1
&amp#27;[0m&amp#27;[0m22:16:36,886 INFO  [stdout] (ServerService Thread Pool -- 15) Hibernate: create table Category (id bigint not null, name varchar(128) not null, primary key (id))
&amp#27;[0m&amp#27;[31m22:16:36,887 ERROR [org.hibernate.tool.hbm2ddl.SchemaExport] (ServerService Thread Pool -- 15) HHH000389: Unsuccessful: create table Category (id bigint not null, name varchar(128) not null, primary key (id))
&amp#27;[0m&amp#27;[31m22:16:36,887 ERROR [org.hibernate.tool.hbm2ddl.SchemaExport] (ServerService Thread Pool -- 15) Table "CATEGORY" already exists; SQL statement:
create table Category (id bigint not null, name varchar(128) not null, primary key (id)) [42101-173]
&amp#27;[0m&amp#27;[0m22:16:36,887 INFO  [stdout] (ServerService Thread Pool -- 15) Hibernate: create table Quiz (id bigint not null, answerFour varchar(128) not null, answerOne varchar(128) not null, answerThree varchar(128) not null, answerTwo varchar(128) not null, correctAnswer integer not null check (correctAnswer>=0 AND correctAnswer<=3), question varchar(128) not null, subCategory_id bigint not null, primary key (id))
&amp#27;[0m&amp#27;[31m22:16:36,889 ERROR [org.hibernate.tool.hbm2ddl.SchemaExport] (ServerService Thread Pool -- 15) HHH000389: Unsuccessful: create table Quiz (id bigint not null, answerFour varchar(128) not null, answerOne varchar(128) not null, answerThree varchar(128) not null, answerTwo varchar(128) not null, correctAnswer integer not null check (correctAnswer>=0 AND correctAnswer<=3), question varchar(128) not null, subCategory_id bigint not null, primary key (id))
&amp#27;[0m&amp#27;[31m22:16:36,889 ERROR [org.hibernate.tool.hbm2ddl.SchemaExport] (ServerService Thread Pool -- 15) Table "QUIZ" already exists; SQL statement:
create table Quiz (id bigint not null, answerFour varchar(128) not null, answerOne varchar(128) not null, answerThree varchar(128) not null, answerTwo varchar(128) not null, correctAnswer integer not null check (correctAnswer>=0 AND correctAnswer<=3), question varchar(128) not null, subCategory_id bigint not null, primary key (id)) [42101-173]
&amp#27;[0m&amp#27;[0m22:16:36,889 INFO  [stdout] (ServerService Thread Pool -- 15) Hibernate: create table SubCategory (id bigint not null, name varchar(128) not null, category_id bigint not null, primary key (id))
&amp#27;[0m&amp#27;[31m22:16:36,890 ERROR [org.hibernate.tool.hbm2ddl.SchemaExport] (ServerService Thread Pool -- 15) HHH000389: Unsuccessful: create table SubCategory (id bigint not null, name varchar(128) not null, category_id bigint not null, primary key (id))
&amp#27;[0m&amp#27;[0m22:16:36,890 INFO  [org.hibernate.tool.hbm2ddl.SchemaExport] (ServerService Thread Pool -- 63) HHH000230: Schema export complete
&amp#27;[0m&amp#27;[31m22:16:36,890 ERROR [org.hibernate.tool.hbm2ddl.SchemaExport] (ServerService Thread Pool -- 15) Table "SUBCATEGORY" already exists; SQL statement:
create table SubCategory (id bigint not null, name varchar(128) not null, category_id bigint not null, primary key (id)) [42101-173]
&amp#27;[0m&amp#27;[0m22:16:36,890 INFO  [stdout] (ServerService Thread Pool -- 15) Hibernate: alter table Category add constraint UK_foei036ov74bv692o5lh5oi66 unique (name)
&amp#27;[0m&amp#27;[31m22:16:36,891 ERROR [org.hibernate.tool.hbm2ddl.SchemaExport] (ServerService Thread Pool -- 15) HHH000389: Unsuccessful: alter table Category add constraint UK_foei036ov74bv692o5lh5oi66 unique (name)
&amp#27;[0m&amp#27;[31m22:16:36,891 ERROR [org.hibernate.tool.hbm2ddl.SchemaExport] (ServerService Thread Pool -- 15) Constraint "UK_FOEI036OV74BV692O5LH5OI66" already exists; SQL statement:
alter table Category add constraint UK_foei036ov74bv692o5lh5oi66 unique (name) [90045-173]
&amp#27;[0m&amp#27;[0m22:16:36,891 INFO  [stdout] (ServerService Thread Pool -- 15) Hibernate: alter table Quiz add constraint UK_q4b6wyhfm04u8jnsqw2tx2wxh unique (question)
&amp#27;[0m&amp#27;[0m22:16:36,891 INFO  [org.hibernate.hql.internal.QueryTranslatorFactoryInitiator] (ServerService Thread Pool -- 63) HHH000397: Using ASTQueryTranslatorFactory
&amp#27;[0m&amp#27;[31m22:16:36,891 ERROR [org.hibernate.tool.hbm2ddl.SchemaExport] (ServerService Thread Pool -- 15) HHH000389: Unsuccessful: alter table Quiz add constraint UK_q4b6wyhfm04u8jnsqw2tx2wxh unique (question)
&amp#27;[0m&amp#27;[31m22:16:36,891 ERROR [org.hibernate.tool.hbm2ddl.SchemaExport] (ServerService Thread Pool -- 15) Constraint "UK_Q4B6WYHFM04U8JNSQW2TX2WXH" already exists; SQL statement:
alter table Quiz add constraint UK_q4b6wyhfm04u8jnsqw2tx2wxh unique (question) [90045-173]
&amp#27;[0m&amp#27;[0m22:16:36,892 INFO  [stdout] (ServerService Thread Pool -- 15) Hibernate: alter table Quiz add constraint FKa14569rl1ol6eb40vafv1yci8 foreign key (subCategory_id) references SubCategory
&amp#27;[0m&amp#27;[31m22:16:36,892 ERROR [org.hibernate.tool.hbm2ddl.SchemaExport] (ServerService Thread Pool -- 15) HHH000389: Unsuccessful: alter table Quiz add constraint FKa14569rl1ol6eb40vafv1yci8 foreign key (subCategory_id) references SubCategory
&amp#27;[0m&amp#27;[31m22:16:36,892 ERROR [org.hibernate.tool.hbm2ddl.SchemaExport] (ServerService Thread Pool -- 15) Constraint "FKA14569RL1OL6EB40VAFV1YCI8" already exists; SQL statement:
alter table Quiz add constraint FKa14569rl1ol6eb40vafv1yci8 foreign key (subCategory_id) references SubCategory [90045-173]
&amp#27;[0m&amp#27;[0m22:16:36,898 INFO  [stdout] (ServerService Thread Pool -- 15) Hibernate: alter table SubCategory add constraint FK806xr1d6ncs4kj5poyk81o90m foreign key (category_id) references Category
&amp#27;[0m&amp#27;[31m22:16:36,899 ERROR [org.hibernate.tool.hbm2ddl.SchemaExport] (ServerService Thread Pool -- 15) HHH000389: Unsuccessful: alter table SubCategory add constraint FK806xr1d6ncs4kj5poyk81o90m foreign key (category_id) references Category
&amp#27;[0m&amp#27;[31m22:16:36,899 ERROR [org.hibernate.tool.hbm2ddl.SchemaExport] (ServerService Thread Pool -- 15) Constraint "FK806XR1D6NCS4KJ5POYK81O90M" already exists; SQL statement:
alter table SubCategory add constraint FK806xr1d6ncs4kj5poyk81o90m foreign key (category_id) references Category [90045-173]
&amp#27;[0m&amp#27;[0m22:16:36,899 INFO  [org.hibernate.tool.hbm2ddl.SchemaExport] (ServerService Thread Pool -- 15) HHH000230: Schema export complete
&amp#27;[0m&amp#27;[0m22:16:36,900 INFO  [org.hibernate.hql.internal.QueryTranslatorFactoryInitiator] (ServerService Thread Pool -- 15) HHH000397: Using ASTQueryTranslatorFactory
&amp#27;[0m&amp#27;[31m22:16:37,060 ERROR [org.jboss.as.ejb3.invocation] (ServerService Thread Pool -- 15) WFLYEJB0034: EJB Invocation failed on component CategoryEjb for method public java.lang.Long com.ncorp.ejb.CategoryEjb.createSubCategory(long,java.lang.String): javax.ejb.EJBTransactionRolledbackException
	at org.jboss.as.ejb3.tx.CMTTxInterceptor.handleInCallerTx(CMTTxInterceptor.java:159)
	at org.jboss.as.ejb3.tx.CMTTxInterceptor.invokeInCallerTx(CMTTxInterceptor.java:256)
	at org.jboss.as.ejb3.tx.CMTTxInterceptor.required(CMTTxInterceptor.java:329)
	at org.jboss.as.ejb3.tx.CMTTxInterceptor.processInvocation(CMTTxInterceptor.java:239)
	at org.jboss.invocation.InterceptorContext.proceed(InterceptorContext.java:340)
	at org.jboss.as.ejb3.component.interceptors.CurrentInvocationContextInterceptor.processInvocation(CurrentInvocationContextInterceptor.java:41)
	at org.jboss.invocation.InterceptorContext.proceed(InterceptorContext.java:340)
	at org.jboss.as.ejb3.component.invocationmetrics.WaitTimeInterceptor.processInvocation(WaitTimeInterceptor.java:47)
	at org.jboss.invocation.InterceptorContext.proceed(InterceptorContext.java:340)
	at org.jboss.as.ejb3.security.SecurityContextInterceptor.processInvocation(SecurityContextInterceptor.java:100)
	at org.jboss.invocation.InterceptorContext.proceed(InterceptorContext.java:340)
	at org.jboss.as.ejb3.deployment.processors.StartupAwaitInterceptor.processInvocation(StartupAwaitInterceptor.java:22)
	at org.jboss.invocation.InterceptorContext.proceed(InterceptorContext.java:340)
	at org.jboss.as.ejb3.component.interceptors.ShutDownInterceptorFactory$1.processInvocation(ShutDownInterceptorFactory.java:64)
	at org.jboss.invocation.InterceptorContext.proceed(InterceptorContext.java:340)
	at org.jboss.as.ejb3.component.interceptors.LoggingInterceptor.processInvocation(LoggingInterceptor.java:67)
	at org.jboss.invocation.InterceptorContext.proceed(InterceptorContext.java:340)
	at org.jboss.as.ee.component.NamespaceContextInterceptor.processInvocation(NamespaceContextInterceptor.java:50)
	at org.jboss.invocation.InterceptorContext.proceed(InterceptorContext.java:340)
	at org.jboss.as.ejb3.component.interceptors.AdditionalSetupInterceptor.processInvocation(AdditionalSetupInterceptor.java:54)
	at org.jboss.invocation.InterceptorContext.proceed(InterceptorContext.java:340)
	at org.jboss.invocation.ContextClassLoaderInterceptor.processInvocation(ContextClassLoaderInterceptor.java:64)
	at org.jboss.invocation.InterceptorContext.proceed(InterceptorContext.java:340)
	at org.jboss.invocation.InterceptorContext.run(InterceptorContext.java:356)
	at org.wildfly.security.manager.WildFlySecurityManager.doChecked(WildFlySecurityManager.java:636)
	at org.jboss.invocation.AccessCheckingInterceptor.processInvocation(AccessCheckingInterceptor.java:61)
	at org.jboss.invocation.InterceptorContext.proceed(InterceptorContext.java:340)
	at org.jboss.invocation.InterceptorContext.run(InterceptorContext.java:356)
	at org.jboss.invocation.PrivilegedWithCombinerInterceptor.processInvocation(PrivilegedWithCombinerInterceptor.java:80)
	at org.jboss.invocation.InterceptorContext.proceed(InterceptorContext.java:340)
	at org.jboss.invocation.ChainedInterceptor.processInvocation(ChainedInterceptor.java:61)
	at org.jboss.as.ee.component.ViewService$View.invoke(ViewService.java:198)
	at org.jboss.as.ee.component.ViewDescription$1.processInvocation(ViewDescription.java:185)
	at org.jboss.invocation.InterceptorContext.proceed(InterceptorContext.java:340)
	at org.jboss.invocation.ChainedInterceptor.processInvocation(ChainedInterceptor.java:61)
	at org.jboss.as.ee.component.ProxyInvocationHandler.invoke(ProxyInvocationHandler.java:73)
	at com.ncorp.ejb.CategoryEjb$$$view8.createSubCategory(Unknown Source)
	at com.ncorp.ejb.DefaultDataInitializerEjb.init(DefaultDataInitializerEjb.java:22)
	at sun.reflect.NativeMethodAccessorImpl.invoke0(Native Method)
	at sun.reflect.NativeMethodAccessorImpl.invoke(NativeMethodAccessorImpl.java:62)
	at sun.reflect.DelegatingMethodAccessorImpl.invoke(DelegatingMethodAccessorImpl.java:43)
	at java.lang.reflect.Method.invoke(Method.java:498)
	at org.jboss.as.ee.component.ManagedReferenceLifecycleMethodInterceptor.processInvocation(ManagedReferenceLifecycleMethodInterceptor.java:96)
	at org.jboss.invocation.InterceptorContext.proceed(InterceptorContext.java:340)
	at org.jboss.as.weld.ejb.Jsr299BindingsInterceptor.doLifecycleInterception(Jsr299BindingsInterceptor.java:114)
	at org.jboss.as.weld.ejb.Jsr299BindingsInterceptor.processInvocation(Jsr299BindingsInterceptor.java:103)
	at org.jboss.invocation.InterceptorContext.proceed(InterceptorContext.java:340)
	at org.jboss.invocation.InterceptorContext$Invocation.proceed(InterceptorContext.java:437)
	at org.jboss.weld.ejb.AbstractEJBRequestScopeActivationInterceptor.aroundInvoke(AbstractEJBRequestScopeActivationInterceptor.java:73)
	at org.jboss.as.weld.ejb.EjbRequestScopeActivationInterceptor.processInvocation(EjbRequestScopeActivationInterceptor.java:83)
	at org.jboss.invocation.InterceptorContext.proceed(InterceptorContext.java:340)
	at org.jboss.as.weld.injection.WeldInjectionInterceptor.processInvocation(WeldInjectionInterceptor.java:53)
	at org.jboss.invocation.InterceptorContext.proceed(InterceptorContext.java:340)
	at org.jboss.as.ee.component.ManagedReferenceFieldInjectionInterceptorFactory$ManagedReferenceFieldInjectionInterceptor.processInvocation(ManagedReferenceFieldInjectionInterceptorFactory.java:107)
	at org.jboss.invocation.InterceptorContext.proceed(InterceptorContext.java:340)
	at org.jboss.as.ee.component.ManagedReferenceFieldInjectionInterceptorFactory$ManagedReferenceFieldInjectionInterceptor.processInvocation(ManagedReferenceFieldInjectionInterceptorFactory.java:107)
	at org.jboss.invocation.InterceptorContext.proceed(InterceptorContext.java:340)
	at org.jboss.as.ee.component.AroundConstructInterceptorFactory$1.processInvocation(AroundConstructInterceptorFactory.java:28)
	at org.jboss.invocation.InterceptorContext.proceed(InterceptorContext.java:340)
	at org.jboss.as.weld.injection.WeldInterceptorInjectionInterceptor.processInvocation(WeldInterceptorInjectionInterceptor.java:56)
	at org.jboss.invocation.InterceptorContext.proceed(InterceptorContext.java:340)
	at org.jboss.as.weld.ejb.Jsr299BindingsCreateInterceptor.processInvocation(Jsr299BindingsCreateInterceptor.java:100)
	at org.jboss.invocation.InterceptorContext.proceed(InterceptorContext.java:340)
	at org.jboss.as.ee.component.NamespaceContextInterceptor.processInvocation(NamespaceContextInterceptor.java:50)
	at org.jboss.invocation.InterceptorContext.proceed(InterceptorContext.java:340)
	at org.jboss.as.ejb3.tx.CMTTxInterceptor.invokeInOurTx(CMTTxInterceptor.java:275)
	at org.jboss.as.ejb3.tx.CMTTxInterceptor.requiresNew(CMTTxInterceptor.java:349)
	at org.jboss.as.ejb3.tx.LifecycleCMTTxInterceptor.processInvocation(LifecycleCMTTxInterceptor.java:68)
	at org.jboss.invocation.InterceptorContext.proceed(InterceptorContext.java:340)
	at org.jboss.as.weld.injection.WeldInjectionContextInterceptor.processInvocation(WeldInjectionContextInterceptor.java:43)
	at org.jboss.invocation.InterceptorContext.proceed(InterceptorContext.java:340)
	at org.jboss.as.ejb3.component.interceptors.CurrentInvocationContextInterceptor.processInvocation(CurrentInvocationContextInterceptor.java:41)
	at org.jboss.invocation.InterceptorContext.proceed(InterceptorContext.java:340)
	at org.jboss.as.ee.concurrent.ConcurrentContextInterceptor.processInvocation(ConcurrentContextInterceptor.java:45)
	at org.jboss.invocation.InterceptorContext.proceed(InterceptorContext.java:340)
	at org.jboss.invocation.ContextClassLoaderInterceptor.processInvocation(ContextClassLoaderInterceptor.java:64)
	at org.jboss.invocation.InterceptorContext.proceed(InterceptorContext.java:340)
	at org.jboss.as.ejb3.component.singleton.StartupCountDownInterceptor.processInvocation(StartupCountDownInterceptor.java:25)
	at org.jboss.invocation.InterceptorContext.proceed(InterceptorContext.java:340)
	at org.jboss.invocation.InterceptorContext.run(InterceptorContext.java:356)
	at org.jboss.invocation.PrivilegedWithCombinerInterceptor.processInvocation(PrivilegedWithCombinerInterceptor.java:80)
	at org.jboss.invocation.InterceptorContext.proceed(InterceptorContext.java:340)
	at org.jboss.invocation.ChainedInterceptor.processInvocation(ChainedInterceptor.java:61)
	at org.jboss.as.ee.component.BasicComponent.constructComponentInstance(BasicComponent.java:161)
	at org.jboss.as.ee.component.BasicComponent.constructComponentInstance(BasicComponent.java:134)
	at org.jboss.as.ee.component.BasicComponent.createInstance(BasicComponent.java:88)
	at org.jboss.as.ejb3.component.singleton.SingletonComponent.getComponentInstance(SingletonComponent.java:124)
	at org.jboss.as.ejb3.component.singleton.SingletonComponent.start(SingletonComponent.java:138)
	at org.jboss.as.ee.component.ComponentStartService$1.run(ComponentStartService.java:54)
	at java.util.concurrent.Executors$RunnableAdapter.call(Executors.java:511)
	at java.util.concurrent.FutureTask.run(FutureTask.java:266)
	at java.util.concurrent.ThreadPoolExecutor.runWorker(ThreadPoolExecutor.java:1149)
	at java.util.concurrent.ThreadPoolExecutor$Worker.run(ThreadPoolExecutor.java:624)
	at java.lang.Thread.run(Thread.java:748)
	at org.jboss.threads.JBossThread.run(JBossThread.java:320)
Caused by: java.lang.NullPointerException
	at com.ncorp.ejb.CategoryEjb.createSubCategory(CategoryEjb.java:36)
	at sun.reflect.NativeMethodAccessorImpl.invoke0(Native Method)
	at sun.reflect.NativeMethodAccessorImpl.invoke(NativeMethodAccessorImpl.java:62)
	at sun.reflect.DelegatingMethodAccessorImpl.invoke(DelegatingMethodAccessorImpl.java:43)
	at java.lang.reflect.Method.invoke(Method.java:498)
	at org.jboss.as.ee.component.ManagedReferenceMethodInterceptor.processInvocation(ManagedReferenceMethodInterceptor.java:52)
	at org.jboss.invocation.InterceptorContext.proceed(InterceptorContext.java:340)
	at org.jboss.invocation.InterceptorContext$Invocation.proceed(InterceptorContext.java:437)
	at org.jboss.as.weld.ejb.Jsr299BindingsInterceptor.delegateInterception(Jsr299BindingsInterceptor.java:70)
	at org.jboss.as.weld.ejb.Jsr299BindingsInterceptor.doMethodInterception(Jsr299BindingsInterceptor.java:80)
	at org.jboss.as.weld.ejb.Jsr299BindingsInterceptor.processInvocation(Jsr299BindingsInterceptor.java:93)
	at org.jboss.as.ee.component.interceptors.UserInterceptorFactory$1.processInvocation(UserInterceptorFactory.java:63)
	at org.jboss.invocation.InterceptorContext.proceed(InterceptorContext.java:340)
	at org.jboss.as.ejb3.component.invocationmetrics.ExecutionTimeInterceptor.processInvocation(ExecutionTimeInterceptor.java:43)
	at org.jboss.invocation.InterceptorContext.proceed(InterceptorContext.java:340)
	at org.jboss.as.jpa.interceptor.SBInvocationInterceptor.processInvocation(SBInvocationInterceptor.java:47)
	at org.jboss.invocation.InterceptorContext.proceed(InterceptorContext.java:340)
	at org.jboss.invocation.InterceptorContext$Invocation.proceed(InterceptorContext.java:437)
	at org.jboss.weld.ejb.AbstractEJBRequestScopeActivationInterceptor.aroundInvoke(AbstractEJBRequestScopeActivationInterceptor.java:64)
	at org.jboss.as.weld.ejb.EjbRequestScopeActivationInterceptor.processInvocation(EjbRequestScopeActivationInterceptor.java:83)
	at org.jboss.invocation.InterceptorContext.proceed(InterceptorContext.java:340)
	at org.jboss.as.ee.concurrent.ConcurrentContextInterceptor.processInvocation(ConcurrentContextInterceptor.java:45)
	at org.jboss.invocation.InterceptorContext.proceed(InterceptorContext.java:340)
	at org.jboss.invocation.InitialInterceptor.processInvocation(InitialInterceptor.java:21)
	at org.jboss.invocation.InterceptorContext.proceed(InterceptorContext.java:340)
	at org.jboss.invocation.ChainedInterceptor.processInvocation(ChainedInterceptor.java:61)
	at org.jboss.as.ee.component.interceptors.ComponentDispatcherInterceptor.processInvocation(ComponentDispatcherInterceptor.java:52)
	at org.jboss.invocation.InterceptorContext.proceed(InterceptorContext.java:340)
	at org.jboss.as.ejb3.component.pool.PooledInstanceInterceptor.processInvocation(PooledInstanceInterceptor.java:51)
	at org.jboss.invocation.InterceptorContext.proceed(InterceptorContext.java:340)
	at org.jboss.as.ejb3.tx.CMTTxInterceptor.invokeInCallerTx(CMTTxInterceptor.java:254)
	... 93 more

&amp#27;[0m&amp#27;[31m22:16:37,062 ERROR [org.jboss.msc.service.fail] (ServerService Thread Pool -- 15) MSC000001: Failed to start service jboss.deployment.unit."test.war".component.DefaultDataInitializerEjb.START: org.jboss.msc.service.StartException in service jboss.deployment.unit."test.war".component.DefaultDataInitializerEjb.START: java.lang.IllegalStateException: WFLYEE0042: Failed to construct component instance
	at org.jboss.as.ee.component.ComponentStartService$1.run(ComponentStartService.java:57)
	at java.util.concurrent.Executors$RunnableAdapter.call(Executors.java:511)
	at java.util.concurrent.FutureTask.run(FutureTask.java:266)
	at java.util.concurrent.ThreadPoolExecutor.runWorker(ThreadPoolExecutor.java:1149)
	at java.util.concurrent.ThreadPoolExecutor$Worker.run(ThreadPoolExecutor.java:624)
	at java.lang.Thread.run(Thread.java:748)
	at org.jboss.threads.JBossThread.run(JBossThread.java:320)
Caused by: java.lang.IllegalStateException: WFLYEE0042: Failed to construct component instance
	at org.jboss.as.ee.component.BasicComponent.constructComponentInstance(BasicComponent.java:163)
	at org.jboss.as.ee.component.BasicComponent.constructComponentInstance(BasicComponent.java:134)
	at org.jboss.as.ee.component.BasicComponent.createInstance(BasicComponent.java:88)
	at org.jboss.as.ejb3.component.singleton.SingletonComponent.getComponentInstance(SingletonComponent.java:124)
	at org.jboss.as.ejb3.component.singleton.SingletonComponent.start(SingletonComponent.java:138)
	at org.jboss.as.ee.component.ComponentStartService$1.run(ComponentStartService.java:54)
	... 6 more
Caused by: javax.ejb.EJBTransactionRolledbackException
	at org.jboss.as.ejb3.tx.CMTTxInterceptor.handleInCallerTx(CMTTxInterceptor.java:159)
	at org.jboss.as.ejb3.tx.CMTTxInterceptor.invokeInCallerTx(CMTTxInterceptor.java:256)
	at org.jboss.as.ejb3.tx.CMTTxInterceptor.required(CMTTxInterceptor.java:329)
	at org.jboss.as.ejb3.tx.CMTTxInterceptor.processInvocation(CMTTxInterceptor.java:239)
	at org.jboss.invocation.InterceptorContext.proceed(InterceptorContext.java:340)
	at org.jboss.as.ejb3.component.interceptors.CurrentInvocationContextInterceptor.processInvocation(CurrentInvocationContextInterceptor.java:41)
	at org.jboss.invocation.InterceptorContext.proceed(InterceptorContext.java:340)
	at org.jboss.as.ejb3.component.invocationmetrics.WaitTimeInterceptor.processInvocation(WaitTimeInterceptor.java:47)
	at org.jboss.invocation.InterceptorContext.proceed(InterceptorContext.java:340)
	at org.jboss.as.ejb3.security.SecurityContextInterceptor.processInvocation(SecurityContextInterceptor.java:100)
	at org.jboss.invocation.InterceptorContext.proceed(InterceptorContext.java:340)
	at org.jboss.as.ejb3.deployment.processors.StartupAwaitInterceptor.processInvocation(StartupAwaitInterceptor.java:22)
	at org.jboss.invocation.InterceptorContext.proceed(InterceptorContext.java:340)
	at org.jboss.as.ejb3.component.interceptors.ShutDownInterceptorFactory$1.processInvocation(ShutDownInterceptorFactory.java:64)
	at org.jboss.invocation.InterceptorContext.proceed(InterceptorContext.java:340)
	at org.jboss.as.ejb3.component.interceptors.LoggingInterceptor.processInvocation(LoggingInterceptor.java:67)
	at org.jboss.invocation.InterceptorContext.proceed(InterceptorContext.java:340)
	at org.jboss.as.ee.component.NamespaceContextInterceptor.processInvocation(NamespaceContextInterceptor.java:50)
	at org.jboss.invocation.InterceptorContext.proceed(InterceptorContext.java:340)
	at org.jboss.as.ejb3.component.interceptors.AdditionalSetupInterceptor.processInvocation(AdditionalSetupInterceptor.java:54)
	at org.jboss.invocation.InterceptorContext.proceed(InterceptorContext.java:340)
	at org.jboss.invocation.ContextClassLoaderInterceptor.processInvocation(ContextClassLoaderInterceptor.java:64)
	at org.jboss.invocation.InterceptorContext.proceed(InterceptorContext.java:340)
	at org.jboss.invocation.InterceptorContext.run(InterceptorContext.java:356)
	at org.wildfly.security.manager.WildFlySecurityManager.doChecked(WildFlySecurityManager.java:636)
	at org.jboss.invocation.AccessCheckingInterceptor.processInvocation(AccessCheckingInterceptor.java:61)
	at org.jboss.invocation.InterceptorContext.proceed(InterceptorContext.java:340)
	at org.jboss.invocation.InterceptorContext.run(InterceptorContext.java:356)
	at org.jboss.invocation.PrivilegedWithCombinerInterceptor.processInvocation(PrivilegedWithCombinerInterceptor.java:80)
	at org.jboss.invocation.InterceptorContext.proceed(InterceptorContext.java:340)
	at org.jboss.invocation.ChainedInterceptor.processInvocation(ChainedInterceptor.java:61)
	at org.jboss.as.ee.component.ViewService$View.invoke(ViewService.java:198)
	at org.jboss.as.ee.component.ViewDescription$1.processInvocation(ViewDescription.java:185)
	at org.jboss.invocation.InterceptorContext.proceed(InterceptorContext.java:340)
	at org.jboss.invocation.ChainedInterceptor.processInvocation(ChainedInterceptor.java:61)
	at org.jboss.as.ee.component.ProxyInvocationHandler.invoke(ProxyInvocationHandler.java:73)
	at com.ncorp.ejb.CategoryEjb$$$view8.createSubCategory(Unknown Source)
	at com.ncorp.ejb.DefaultDataInitializerEjb.init(DefaultDataInitializerEjb.java:22)
	at sun.reflect.NativeMethodAccessorImpl.invoke0(Native Method)
	at sun.reflect.NativeMethodAccessorImpl.invoke(NativeMethodAccessorImpl.java:62)
	at sun.reflect.DelegatingMethodAccessorImpl.invoke(DelegatingMethodAccessorImpl.java:43)
	at java.lang.reflect.Method.invoke(Method.java:498)
	at org.jboss.as.ee.component.ManagedReferenceLifecycleMethodInterceptor.processInvocation(ManagedReferenceLifecycleMethodInterceptor.java:96)
	at org.jboss.invocation.InterceptorContext.proceed(InterceptorContext.java:340)
	at org.jboss.as.weld.ejb.Jsr299BindingsInterceptor.doLifecycleInterception(Jsr299BindingsInterceptor.java:114)
	at org.jboss.as.weld.ejb.Jsr299BindingsInterceptor.processInvocation(Jsr299BindingsInterceptor.java:103)
	at org.jboss.invocation.InterceptorContext.proceed(InterceptorContext.java:340)
	at org.jboss.invocation.InterceptorContext$Invocation.proceed(InterceptorContext.java:437)
	at org.jboss.weld.ejb.AbstractEJBRequestScopeActivationInterceptor.aroundInvoke(AbstractEJBRequestScopeActivationInterceptor.java:73)
	at org.jboss.as.weld.ejb.EjbRequestScopeActivationInterceptor.processInvocation(EjbRequestScopeActivationInterceptor.java:83)
	at org.jboss.invocation.InterceptorContext.proceed(InterceptorContext.java:340)
	at org.jboss.as.weld.injection.WeldInjectionInterceptor.processInvocation(WeldInjectionInterceptor.java:53)
	at org.jboss.invocation.InterceptorContext.proceed(InterceptorContext.java:340)
	at org.jboss.as.ee.component.ManagedReferenceFieldInjectionInterceptorFactory$ManagedReferenceFieldInjectionInterceptor.processInvocation(ManagedReferenceFieldInjectionInterceptorFactory.java:107)
	at org.jboss.invocation.InterceptorContext.proceed(InterceptorContext.java:340)
	at org.jboss.as.ee.component.ManagedReferenceFieldInjectionInterceptorFactory$ManagedReferenceFieldInjectionInterceptor.processInvocation(ManagedReferenceFieldInjectionInterceptorFactory.java:107)
	at org.jboss.invocation.InterceptorContext.proceed(InterceptorContext.java:340)
	at org.jboss.as.ee.component.AroundConstructInterceptorFactory$1.processInvocation(AroundConstructInterceptorFactory.java:28)
	at org.jboss.invocation.InterceptorContext.proceed(InterceptorContext.java:340)
	at org.jboss.as.weld.injection.WeldInterceptorInjectionInterceptor.processInvocation(WeldInterceptorInjectionInterceptor.java:56)
	at org.jboss.invocation.InterceptorContext.proceed(InterceptorContext.java:340)
	at org.jboss.as.weld.ejb.Jsr299BindingsCreateInterceptor.processInvocation(Jsr299BindingsCreateInterceptor.java:100)
	at org.jboss.invocation.InterceptorContext.proceed(InterceptorContext.java:340)
	at org.jboss.as.ee.component.NamespaceContextInterceptor.processInvocation(NamespaceContextInterceptor.java:50)
	at org.jboss.invocation.InterceptorContext.proceed(InterceptorContext.java:340)
	at org.jboss.as.ejb3.tx.CMTTxInterceptor.invokeInOurTx(CMTTxInterceptor.java:275)
	at org.jboss.as.ejb3.tx.CMTTxInterceptor.requiresNew(CMTTxInterceptor.java:349)
	at org.jboss.as.ejb3.tx.LifecycleCMTTxInterceptor.processInvocation(LifecycleCMTTxInterceptor.java:68)
	at org.jboss.invocation.InterceptorContext.proceed(InterceptorContext.java:340)
	at org.jboss.as.weld.injection.WeldInjectionContextInterceptor.processInvocation(WeldInjectionContextInterceptor.java:43)
	at org.jboss.invocation.InterceptorContext.proceed(InterceptorContext.java:340)
	at org.jboss.as.ejb3.component.interceptors.CurrentInvocationContextInterceptor.processInvocation(CurrentInvocationContextInterceptor.java:41)
	at org.jboss.invocation.InterceptorContext.proceed(InterceptorContext.java:340)
	at org.jboss.as.ee.concurrent.ConcurrentContextInterceptor.processInvocation(ConcurrentContextInterceptor.java:45)
	at org.jboss.invocation.InterceptorContext.proceed(InterceptorContext.java:340)
	at org.jboss.invocation.ContextClassLoaderInterceptor.processInvocation(ContextClassLoaderInterceptor.java:64)
	at org.jboss.invocation.InterceptorContext.proceed(InterceptorContext.java:340)
	at org.jboss.as.ejb3.component.singleton.StartupCountDownInterceptor.processInvocation(StartupCountDownInterceptor.java:25)
	at org.jboss.invocation.InterceptorContext.proceed(InterceptorContext.java:340)
	at org.jboss.invocation.InterceptorContext.run(InterceptorContext.java:356)
	at org.jboss.invocation.PrivilegedWithCombinerInterceptor.processInvocation(PrivilegedWithCombinerInterceptor.java:80)
	at org.jboss.invocation.InterceptorContext.proceed(InterceptorContext.java:340)
	at org.jboss.invocation.ChainedInterceptor.processInvocation(ChainedInterceptor.java:61)
	at org.jboss.as.ee.component.BasicComponent.constructComponentInstance(BasicComponent.java:161)
	... 11 more
Caused by: java.lang.NullPointerException
	at com.ncorp.ejb.CategoryEjb.createSubCategory(CategoryEjb.java:36)
	at sun.reflect.NativeMethodAccessorImpl.invoke0(Native Method)
	at sun.reflect.NativeMethodAccessorImpl.invoke(NativeMethodAccessorImpl.java:62)
	at sun.reflect.DelegatingMethodAccessorImpl.invoke(DelegatingMethodAccessorImpl.java:43)
	at java.lang.reflect.Method.invoke(Method.java:498)
	at org.jboss.as.ee.component.ManagedReferenceMethodInterceptor.processInvocation(ManagedReferenceMethodInterceptor.java:52)
	at org.jboss.invocation.InterceptorContext.proceed(InterceptorContext.java:340)
	at org.jboss.invocation.InterceptorContext$Invocation.proceed(InterceptorContext.java:437)
	at org.jboss.as.weld.ejb.Jsr299BindingsInterceptor.delegateInterception(Jsr299BindingsInterceptor.java:70)
	at org.jboss.as.weld.ejb.Jsr299BindingsInterceptor.doMethodInterception(Jsr299BindingsInterceptor.java:80)
	at org.jboss.as.weld.ejb.Jsr299BindingsInterceptor.processInvocation(Jsr299BindingsInterceptor.java:93)
	at org.jboss.as.ee.component.interceptors.UserInterceptorFactory$1.processInvocation(UserInterceptorFactory.java:63)
	at org.jboss.invocation.InterceptorContext.proceed(InterceptorContext.java:340)
	at org.jboss.as.ejb3.component.invocationmetrics.ExecutionTimeInterceptor.processInvocation(ExecutionTimeInterceptor.java:43)
	at org.jboss.invocation.InterceptorContext.proceed(InterceptorContext.java:340)
	at org.jboss.as.jpa.interceptor.SBInvocationInterceptor.processInvocation(SBInvocationInterceptor.java:47)
	at org.jboss.invocation.InterceptorContext.proceed(InterceptorContext.java:340)
	at org.jboss.invocation.InterceptorContext$Invocation.proceed(InterceptorContext.java:437)
	at org.jboss.weld.ejb.AbstractEJBRequestScopeActivationInterceptor.aroundInvoke(AbstractEJBRequestScopeActivationInterceptor.java:64)
	at org.jboss.as.weld.ejb.EjbRequestScopeActivationInterceptor.processInvocation(EjbRequestScopeActivationInterceptor.java:83)
	at org.jboss.invocation.InterceptorContext.proceed(InterceptorContext.java:340)
	at org.jboss.as.ee.concurrent.ConcurrentContextInterceptor.processInvocation(ConcurrentContextInterceptor.java:45)
	at org.jboss.invocation.InterceptorContext.proceed(InterceptorContext.java:340)
	at org.jboss.invocation.InitialInterceptor.processInvocation(InitialInterceptor.java:21)
	at org.jboss.invocation.InterceptorContext.proceed(InterceptorContext.java:340)
	at org.jboss.invocation.ChainedInterceptor.processInvocation(ChainedInterceptor.java:61)
	at org.jboss.as.ee.component.interceptors.ComponentDispatcherInterceptor.processInvocation(ComponentDispatcherInterceptor.java:52)
	at org.jboss.invocation.InterceptorContext.proceed(InterceptorContext.java:340)
	at org.jboss.as.ejb3.component.pool.PooledInstanceInterceptor.processInvocation(PooledInstanceInterceptor.java:51)
	at org.jboss.invocation.InterceptorContext.proceed(InterceptorContext.java:340)
	at org.jboss.as.ejb3.tx.CMTTxInterceptor.invokeInCallerTx(CMTTxInterceptor.java:254)
	... 93 more

&amp#27;[0m&amp#27;[31m22:16:37,065 ERROR [org.jboss.as.controller.management-operation] (management-handler-thread - 2) WFLYCTL0013: Operation ("add") failed - address: ([("deployment" => "test.war")]) - failure description: {
    "WFLYCTL0080: Failed services" => {"jboss.deployment.unit.\"test.war\".component.DefaultDataInitializerEjb.START" => "org.jboss.msc.service.StartException in service jboss.deployment.unit.\"test.war\".component.DefaultDataInitializerEjb.START: java.lang.IllegalStateException: WFLYEE0042: Failed to construct component instance
    Caused by: java.lang.IllegalStateException: WFLYEE0042: Failed to construct component instance
    Caused by: javax.ejb.EJBTransactionRolledbackException
    Caused by: java.lang.NullPointerException"},
    "WFLYCTL0412: Required services that are not installed:" => ["jboss.deployment.unit.\"test.war\".component.DefaultDataInitializerEjb.START"],
    "WFLYCTL0180: Services with missing/unavailable dependencies" => undefined
}
&amp#27;[0m&amp#27;[31m22:16:37,066 ERROR [org.jboss.as.server] (management-handler-thread - 2) WFLYSRV0021: Deploy of deployment "test.war" was rolled back with the following failure message: 
{
    "WFLYCTL0080: Failed services" => {"jboss.deployment.unit.\"test.war\".component.DefaultDataInitializerEjb.START" => "org.jboss.msc.service.StartException in service jboss.deployment.unit.\"test.war\".component.DefaultDataInitializerEjb.START: java.lang.IllegalStateException: WFLYEE0042: Failed to construct component instance
    Caused by: java.lang.IllegalStateException: WFLYEE0042: Failed to construct component instance
    Caused by: javax.ejb.EJBTransactionRolledbackException
    Caused by: java.lang.NullPointerException"},
    "WFLYCTL0412: Required services that are not installed:" => ["jboss.deployment.unit.\"test.war\".component.DefaultDataInitializerEjb.START"],
    "WFLYCTL0180: Services with missing/unavailable dependencies" => undefined
}
&amp#27;[0m&amp#27;[0m22:16:37,080 INFO  [org.jboss.as.jpa] (ServerService Thread Pool -- 15) WFLYJPA0011: Stopping Persistence Unit (phase 2 of 2) Service 'test.war#DB'
&amp#27;[0m&amp#27;[0m22:16:37,080 INFO  [org.hibernate.tool.hbm2ddl.SchemaExport] (ServerService Thread Pool -- 15) HHH000227: Running hbm2ddl schema export
&amp#27;[0m&amp#27;[0m22:16:37,080 INFO  [org.jboss.as.jpa] (ServerService Thread Pool -- 9) WFLYJPA0011: Stopping Persistence Unit (phase 2 of 2) Service 'test.war#JTA'
&amp#27;[0m&amp#27;[0m22:16:37,081 INFO  [org.hibernate.tool.hbm2ddl.SchemaExport] (ServerService Thread Pool -- 9) HHH000227: Running hbm2ddl schema export
&amp#27;[0m&amp#27;[0m22:16:37,081 INFO  [stdout] (ServerService Thread Pool -- 15) Hibernate: drop table Category if exists
&amp#27;[0m&amp#27;[0m22:16:37,083 INFO  [stdout] (ServerService Thread Pool -- 15) Hibernate: drop table Quiz if exists
&amp#27;[0m&amp#27;[0m22:16:37,083 INFO  [stdout] (ServerService Thread Pool -- 15) Hibernate: drop table SubCategory if exists
&amp#27;[0m&amp#27;[0m22:16:37,084 INFO  [stdout] (ServerService Thread Pool -- 15) Hibernate: drop sequence if exists hibernate_sequence
&amp#27;[0m&amp#27;[0m22:16:37,084 INFO  [org.hibernate.tool.hbm2ddl.SchemaExport] (ServerService Thread Pool -- 9) HHH000230: Schema export complete
&amp#27;[0m&amp#27;[0m22:16:37,085 INFO  [org.hibernate.tool.hbm2ddl.SchemaExport] (ServerService Thread Pool -- 15) HHH000230: Schema export complete
&amp#27;[0m&amp#27;[0m22:16:37,085 INFO  [org.jboss.as.jpa] (ServerService Thread Pool -- 9) WFLYJPA0011: Stopping Persistence Unit (phase 1 of 2) Service 'test.war#JTA'
&amp#27;[0m&amp#27;[0m22:16:37,085 INFO  [org.jboss.as.jpa] (ServerService Thread Pool -- 15) WFLYJPA0011: Stopping Persistence Unit (phase 1 of 2) Service 'test.war#DB'
&amp#27;[0m&amp#27;[0m22:16:37,093 INFO  [org.jboss.as.clustering.infinispan] (ServerService Thread Pool -- 15) WFLYCLINF0003: Stopped client-mappings cache from ejb container
&amp#27;[0m&amp#27;[0m22:16:37,096 INFO  [org.jboss.as.server.deployment] (MSC service thread 1-8) WFLYSRV0028: Stopped deployment test.war (runtime-name: test.war) in 28ms
&amp#27;[0m&amp#27;[0m22:16:37,097 INFO  [org.jboss.as.controller] (management-handler-thread - 2) WFLYCTL0183: Service status report
WFLYCTL0184:    New missing/unsatisfied dependencies:
      service jboss.deployment.unit."test.war".component."javax.servlet.jsp.jstl.tlv.ScriptFreeTLV".START (missing) dependents: [service jboss.undertow.deployment.default-server.default-host./test.UndertowDeploymentInfoService, service jboss.undertow.deployment.default-server.default-host./test, service jboss.deployment.unit."test.war".deploymentCompleteService] 
WFLYCTL0185:    Newly corrected services:
      service jboss.deployment.unit."test.war".ee.ComponentRegistry (no longer required)
WFLYCTL0186:   Services which failed to start:      service jboss.deployment.unit."test.war".component.DefaultDataInitializerEjb.START

&amp#27;[0m]]></system-out>
    <system-err><![CDATA[Feb 18, 2018 10:16:37 PM org.jboss.as.arquillian.container.ArchiveDeployer undeploy
WARN: Failed to undeploy test.war: {"WFLYCTL0062: Composite operation failed and was rolled back. Steps that failed:" => {"Operation step-1" => "WFLYCTL0216: Management resource '[(\"deployment\" => \"test.war\")]' not found"}}
]]></system-err>
  </testcase>
</testsuite>