<?xml version="1.0" encoding="UTF-8"?>
<testsuite name="com.ncorp.ejb.QuizEjbTest" time="6.318" tests="1" errors="1" skipped="0" failures="0">
  <properties>
[...]
</properties>
  <testcase name="com.ncorp.ejb.QuizEjbTest" classname="com.ncorp.ejb.QuizEjbTest" time="6.318">
    <error message="Cannot deploy test.war: {&quot;WFLYCTL0062: Composite operation failed and was rolled back. Steps that failed:&quot; =&gt; {&quot;Operation step-1&quot; =&gt; {&quot;WFLYCTL0080: Failed services&quot; =&gt; {&quot;jboss.deployment.unit.\&quot;test.war\&quot;.component.DefaultDataInitializerEjb.START&quot; =&gt; &quot;org.jboss.msc.service.StartException in service jboss.deployment.unit.\&quot;test.war\&quot;.component.DefaultDataInitializerEjb.START: java.lang.IllegalStateException: WFLYEE0042: Failed to construct component instance&#10;    Caused by: java.lang.IllegalStateException: WFLYEE0042: Failed to construct component instance&#10;    Caused by: javax.ejb.EJBTransactionRolledbackException&#10;    Caused by: java.lang.NullPointerException&quot;},&quot;WFLYCTL0412: Required services that are not installed:&quot; =&gt; [&quot;jboss.deployment.unit.\&quot;test.war\&quot;.component.DefaultDataInitializerEjb.START&quot;],&quot;WFLYCTL0180: Services with missing/unavailable dependencies&quot; =&gt; undefined}}}" type="org.jboss.arquillian.container.spi.client.container.DeploymentException">org.jboss.arquillian.container.spi.client.container.DeploymentException: Cannot deploy test.war: {"WFLYCTL0062: Composite operation failed and was rolled back. Steps that failed:" => {"Operation step-1" => {"WFLYCTL0080: Failed services" => {"jboss.deployment.unit.\"test.war\".component.DefaultDataInitializerEjb.START" => "org.jboss.msc.service.StartException in service jboss.deployment.unit.\"test.war\".component.DefaultDataInitializerEjb.START: java.lang.IllegalStateException: WFLYEE0042: Failed to construct component instance
    Caused by: java.lang.IllegalStateException: WFLYEE0042: Failed to construct component instance
    Caused by: javax.ejb.EJBTransactionRolledbackException
    Caused by: java.lang.NullPointerException"},"WFLYCTL0412: Required services that are not installed:" => ["jboss.deployment.unit.\"test.war\".component.DefaultDataInitializerEjb.START"],"WFLYCTL0180: Services with missing/unavailable dependencies" => undefined}}}
	at org.jboss.as.arquillian.container.ArchiveDeployer.deployInternal(ArchiveDeployer.java:184)
	at org.jboss.as.arquillian.container.ArchiveDeployer.deployInternal(ArchiveDeployer.java:162)
	at org.jboss.as.arquillian.container.ArchiveDeployer.deploy(ArchiveDeployer.java:91)
	at org.jboss.as.arquillian.container.CommonDeployableContainer.deploy(CommonDeployableContainer.java:244)
	at org.jboss.arquillian.container.impl.client.container.ContainerDeployController$3.call(ContainerDeployController.java:151)
	at org.jboss.arquillian.container.impl.client.container.ContainerDeployController$3.call(ContainerDeployController.java:118)
	at org.jboss.arquillian.container.impl.client.container.ContainerDeployController.executeOperation(ContainerDeployController.java:239)
	at org.jboss.arquillian.container.impl.client.container.ContainerDeployController.deploy(ContainerDeployController.java:118)
	at sun.reflect.NativeMethodAccessorImpl.invoke0(Native Method)
	at sun.reflect.NativeMethodAccessorImpl.invoke(NativeMethodAccessorImpl.java:62)
	at sun.reflect.DelegatingMethodAccessorImpl.invoke(DelegatingMethodAccessorImpl.java:43)
	at java.lang.reflect.Method.invoke(Method.java:498)
	at org.jboss.arquillian.core.impl.ObserverImpl.invoke(ObserverImpl.java:86)
	at org.jboss.arquillian.core.impl.EventContextImpl.invokeObservers(EventContextImpl.java:103)
	at org.jboss.arquillian.core.impl.EventContextImpl.proceed(EventContextImpl.java:90)
	at org.jboss.arquillian.container.impl.client.ContainerDeploymentContextHandler.createDeploymentContext(ContainerDeploymentContextHandler.java:71)
	at sun.reflect.NativeMethodAccessorImpl.invoke0(Native Method)
	at sun.reflect.NativeMethodAccessorImpl.invoke(NativeMethodAccessorImpl.java:62)
	at sun.reflect.DelegatingMethodAccessorImpl.invoke(DelegatingMethodAccessorImpl.java:43)
	at java.lang.reflect.Method.invoke(Method.java:498)
	at org.jboss.arquillian.core.impl.ObserverImpl.invoke(ObserverImpl.java:86)
	at org.jboss.arquillian.core.impl.EventContextImpl.proceed(EventContextImpl.java:95)
	at org.jboss.arquillian.container.impl.client.ContainerDeploymentContextHandler.createContainerContext(ContainerDeploymentContextHandler.java:54)
	at sun.reflect.NativeMethodAccessorImpl.invoke0(Native Method)
	at sun.reflect.NativeMethodAccessorImpl.invoke(NativeMethodAccessorImpl.java:62)
	at sun.reflect.DelegatingMethodAccessorImpl.invoke(DelegatingMethodAccessorImpl.java:43)
	at java.lang.reflect.Method.invoke(Method.java:498)
	at org.jboss.arquillian.core.impl.ObserverImpl.invoke(ObserverImpl.java:86)
	at org.jboss.arquillian.core.impl.EventContextImpl.proceed(EventContextImpl.java:95)
	at org.jboss.arquillian.container.impl.client.container.DeploymentExceptionHandler.verifyExpectedExceptionDuringDeploy(DeploymentExceptionHandler.java:47)
	at sun.reflect.NativeMethodAccessorImpl.invoke0(Native Method)
	at sun.reflect.NativeMethodAccessorImpl.invoke(NativeMethodAccessorImpl.java:62)
	at sun.reflect.DelegatingMethodAccessorImpl.invoke(DelegatingMethodAccessorImpl.java:43)
	at java.lang.reflect.Method.invoke(Method.java:498)
	at org.jboss.arquillian.core.impl.ObserverImpl.invoke(ObserverImpl.java:86)
	at org.jboss.arquillian.core.impl.EventContextImpl.proceed(EventContextImpl.java:95)
	at org.jboss.arquillian.core.impl.ManagerImpl.fire(ManagerImpl.java:133)
	at org.jboss.arquillian.core.impl.ManagerImpl.fire(ManagerImpl.java:105)
	at org.jboss.arquillian.core.impl.EventImpl.fire(EventImpl.java:62)
	at org.jboss.arquillian.container.impl.client.container.ContainerDeployController$1.perform(ContainerDeployController.java:92)
	at org.jboss.arquillian.container.impl.client.container.ContainerDeployController$1.perform(ContainerDeployController.java:77)
	at org.jboss.arquillian.container.impl.client.container.ContainerDeployController.forEachDeployment(ContainerDeployController.java:232)
	at org.jboss.arquillian.container.impl.client.container.ContainerDeployController.forEachManagedDeployment(ContainerDeployController.java:212)
	at org.jboss.arquillian.container.impl.client.container.ContainerDeployController.deployManaged(ContainerDeployController.java:77)
	at sun.reflect.NativeMethodAccessorImpl.invoke0(Native Method)
	at sun.reflect.NativeMethodAccessorImpl.invoke(NativeMethodAccessorImpl.java:62)
	at sun.reflect.DelegatingMethodAccessorImpl.invoke(DelegatingMethodAccessorImpl.java:43)
	at java.lang.reflect.Method.invoke(Method.java:498)
	at org.jboss.arquillian.core.impl.ObserverImpl.invoke(ObserverImpl.java:86)
	at org.jboss.arquillian.core.impl.EventContextImpl.invokeObservers(EventContextImpl.java:103)
	at org.jboss.arquillian.core.impl.EventContextImpl.proceed(EventContextImpl.java:90)
	at org.jboss.arquillian.core.impl.ManagerImpl.fire(ManagerImpl.java:133)
	at org.jboss.arquillian.core.impl.ManagerImpl.fire(ManagerImpl.java:105)
	at org.jboss.arquillian.core.impl.EventImpl.fire(EventImpl.java:62)
	at org.jboss.arquillian.container.test.impl.client.ContainerEventController.execute(ContainerEventController.java:96)
	at sun.reflect.NativeMethodAccessorImpl.invoke0(Native Method)
	at sun.reflect.NativeMethodAccessorImpl.invoke(NativeMethodAccessorImpl.java:62)
	at sun.reflect.DelegatingMethodAccessorImpl.invoke(DelegatingMethodAccessorImpl.java:43)
	at java.lang.reflect.Method.invoke(Method.java:498)
	at org.jboss.arquillian.core.impl.ObserverImpl.invoke(ObserverImpl.java:86)
	at org.jboss.arquillian.core.impl.EventContextImpl.invokeObservers(EventContextImpl.java:103)
	at org.jboss.arquillian.core.impl.EventContextImpl.proceed(EventContextImpl.java:90)
	at org.jboss.arquillian.test.impl.TestContextHandler.createClassContext(TestContextHandler.java:83)
	at sun.reflect.NativeMethodAccessorImpl.invoke0(Native Method)
	at sun.reflect.NativeMethodAccessorImpl.invoke(NativeMethodAccessorImpl.java:62)
	at sun.reflect.DelegatingMethodAccessorImpl.invoke(DelegatingMethodAccessorImpl.java:43)
	at java.lang.reflect.Method.invoke(Method.java:498)
	at org.jboss.arquillian.core.impl.ObserverImpl.invoke(ObserverImpl.java:86)
	at org.jboss.arquillian.core.impl.EventContextImpl.proceed(EventContextImpl.java:95)
	at org.jboss.arquillian.test.impl.TestContextHandler.createSuiteContext(TestContextHandler.java:69)
	at sun.reflect.NativeMethodAccessorImpl.invoke0(Native Method)
	at sun.reflect.NativeMethodAccessorImpl.invoke(NativeMethodAccessorImpl.java:62)
	at sun.reflect.DelegatingMethodAccessorImpl.invoke(DelegatingMethodAccessorImpl.java:43)
	at java.lang.reflect.Method.invoke(Method.java:498)
	at org.jboss.arquillian.core.impl.ObserverImpl.invoke(ObserverImpl.java:86)
	at org.jboss.arquillian.core.impl.EventContextImpl.proceed(EventContextImpl.java:95)
	at org.jboss.arquillian.core.impl.ManagerImpl.fire(ManagerImpl.java:133)
	at org.jboss.arquillian.core.impl.ManagerImpl.fire(ManagerImpl.java:105)
	at org.jboss.arquillian.test.impl.EventTestRunnerAdaptor.beforeClass(EventTestRunnerAdaptor.java:80)
	at org.jboss.arquillian.junit.Arquillian$2.evaluate(Arquillian.java:171)
	at org.jboss.arquillian.junit.Arquillian.multiExecute(Arquillian.java:376)
	at org.jboss.arquillian.junit.Arquillian.access$200(Arquillian.java:54)
	at org.jboss.arquillian.junit.Arquillian$3.evaluate(Arquillian.java:185)
	at org.junit.runners.ParentRunner.run(ParentRunner.java:363)
	at org.jboss.arquillian.junit.Arquillian.run(Arquillian.java:140)
	at org.apache.maven.surefire.junit4.JUnit4Provider.execute(JUnit4Provider.java:264)
	at org.apache.maven.surefire.junit4.JUnit4Provider.executeTestSet(JUnit4Provider.java:153)
	at org.apache.maven.surefire.junit4.JUnit4Provider.invoke(JUnit4Provider.java:124)
	at org.apache.maven.surefire.booter.ForkedBooter.invokeProviderInSameClassLoader(ForkedBooter.java:200)
	at org.apache.maven.surefire.booter.ForkedBooter.runSuitesInProcess(ForkedBooter.java:153)
	at org.apache.maven.surefire.booter.ForkedBooter.main(ForkedBooter.java:103)
</error>
    <system-out><![CDATA[&amp#27;[0m22:16:30,727 INFO  [org.jboss.modules] (main) JBoss Modules version 1.5.2.Final
&amp#27;[0m&amp#27;[0m22:16:30,925 INFO  [org.jboss.msc] (main) JBoss MSC version 1.2.6.Final
&amp#27;[0m&amp#27;[0m22:16:30,998 INFO  [org.jboss.as] (MSC service thread 1-6) WFLYSRV0049: WildFly Full 10.1.0.Final (WildFly Core 2.2.0.Final) starting
&amp#27;[0m&amp#27;[0m22:16:31,878 INFO  [org.jboss.as.server] (Controller Boot Thread) WFLYSRV0039: Creating http management service using socket-binding (management-http)
&amp#27;[0m&amp#27;[0m22:16:31,892 INFO  [org.xnio] (MSC service thread 1-2) XNIO version 3.4.0.Final
&amp#27;[0m&amp#27;[0m22:16:31,897 INFO  [org.xnio.nio] (MSC service thread 1-2) XNIO NIO Implementation Version 3.4.0.Final
&amp#27;[0m&amp#27;[0m22:16:31,918 INFO  [org.jboss.remoting] (MSC service thread 1-6) JBoss Remoting version 4.0.21.Final
&amp#27;[0m&amp#27;[0m22:16:31,929 INFO  [org.jboss.as.clustering.infinispan] (ServerService Thread Pool -- 38) WFLYCLINF0001: Activating Infinispan subsystem.
&amp#27;[0m&amp#27;[0m22:16:31,939 INFO  [org.wildfly.extension.io] (ServerService Thread Pool -- 37) WFLYIO001: Worker 'default' has auto-configured to 16 core threads with 128 task threads based on your 8 available processors
&amp#27;[0m&amp#27;[0m22:16:31,944 INFO  [org.jboss.as.jsf] (ServerService Thread Pool -- 44) WFLYJSF0007: Activated the following JSF Implementations: [main]
&amp#27;[0m&amp#27;[0m22:16:31,947 INFO  [org.jboss.as.naming] (ServerService Thread Pool -- 46) WFLYNAM0001: Activating Naming Subsystem
&amp#27;[0m&amp#27;[0m22:16:31,963 INFO  [org.jboss.as.connector] (MSC service thread 1-3) WFLYJCA0009: Starting JCA Subsystem (WildFly/IronJacamar 1.3.4.Final)
&amp#27;[0m&amp#27;[0m22:16:31,976 INFO  [org.jboss.as.security] (ServerService Thread Pool -- 53) WFLYSEC0002: Activating Security Subsystem
&amp#27;[0m&amp#27;[33m22:16:31,978 WARN  [org.jboss.as.txn] (ServerService Thread Pool -- 54) WFLYTX0013: Node identifier property is set to the default value. Please make sure it is unique.
&amp#27;[0m&amp#27;[0m22:16:31,979 INFO  [org.jboss.as.connector.subsystems.datasources] (ServerService Thread Pool -- 33) WFLYJCA0004: Deploying JDBC-compliant driver class org.h2.Driver (version 1.3)
&amp#27;[0m&amp#27;[0m22:16:31,981 INFO  [org.jboss.as.security] (MSC service thread 1-3) WFLYSEC0001: Current PicketBox version=4.9.6.Final
&amp#27;[0m&amp#27;[0m22:16:31,997 INFO  [org.jboss.as.mail.extension] (MSC service thread 1-6) WFLYMAIL0001: Bound mail session [java:jboss/mail/Default]
&amp#27;[0m&amp#27;[0m22:16:31,997 INFO  [org.jboss.as.connector.deployers.jdbc] (MSC service thread 1-8) WFLYJCA0018: Started Driver service with driver-name = h2
&amp#27;[0m&amp#27;[0m22:16:32,002 INFO  [org.jboss.as.naming] (MSC service thread 1-7) WFLYNAM0003: Starting Naming Service
&amp#27;[0m&amp#27;[0m22:16:32,080 INFO  [org.jboss.as.webservices] (ServerService Thread Pool -- 56) WFLYWS0002: Activating WebServices Extension
&amp#27;[0m&amp#27;[0m22:16:32,101 INFO  [org.wildfly.extension.undertow] (MSC service thread 1-3) WFLYUT0003: Undertow 1.4.0.Final starting
&amp#27;[0m&amp#27;[0m22:16:32,235 INFO  [org.wildfly.extension.undertow] (ServerService Thread Pool -- 55) WFLYUT0014: Creating file handler for path '/home/nima/Documents/java_enterprise/homework/target/downloaded_Wildfly/wildfly/welcome-content' with options [directory-listing: 'false', follow-symlink: 'false', case-sensitive: 'true', safe-symlink-paths: '[]']
&amp#27;[0m&amp#27;[0m22:16:32,240 INFO  [org.wildfly.extension.undertow] (MSC service thread 1-1) WFLYUT0012: Started server default-server.
&amp#27;[0m&amp#27;[0m22:16:32,245 INFO  [org.jboss.as.ejb3] (MSC service thread 1-6) WFLYEJB0482: Strict pool mdb-strict-max-pool is using a max instance size of 32 (per class), which is derived from the number of CPUs on this host.
&amp#27;[0m&amp#27;[0m22:16:32,245 INFO  [org.wildfly.extension.undertow] (MSC service thread 1-4) WFLYUT0018: Host default-host starting
&amp#27;[0m&amp#27;[0m22:16:32,248 INFO  [org.jboss.as.ejb3] (MSC service thread 1-3) WFLYEJB0481: Strict pool slsb-strict-max-pool is using a max instance size of 128 (per class), which is derived from thread worker pool sizing.
&amp#27;[0m&amp#27;[0m22:16:32,316 INFO  [org.wildfly.extension.undertow] (MSC service thread 1-8) WFLYUT0006: Undertow HTTP listener default listening on 127.0.0.1:8080
&amp#27;[0m&amp#27;[0m22:16:32,403 INFO  [org.jboss.as.connector.subsystems.datasources] (MSC service thread 1-4) WFLYJCA0001: Bound data source [java:jboss/datasources/ExampleDS]
&amp#27;[0m&amp#27;[33m22:16:32,494 WARN  [org.jboss.as.domain.management.security] (MSC service thread 1-6) WFLYDM0111: Keystore /home/nima/Documents/java_enterprise/homework/target/downloaded_Wildfly/wildfly/standalone/configuration/application.keystore not found, it will be auto generated on first use with a self signed certificate for host localhost
&amp#27;[0m&amp#27;[0m22:16:32,521 INFO  [org.jboss.as.server.deployment.scanner] (MSC service thread 1-3) WFLYDS0013: Started FileSystemDeploymentService for directory /home/nima/Documents/java_enterprise/homework/target/downloaded_Wildfly/wildfly/standalone/deployments
&amp#27;[0m&amp#27;[0m22:16:32,645 INFO  [org.infinispan.factories.GlobalComponentRegistry] (MSC service thread 1-2) ISPN000128: Infinispan version: Infinispan 'Chakra' 8.2.4.Final
&amp#27;[0m&amp#27;[0m22:16:32,671 INFO  [org.infinispan.configuration.cache.EvictionConfigurationBuilder] (ServerService Thread Pool -- 63) ISPN000152: Passivation configured without an eviction policy being selected. Only manually evicted entities will be passivated.
&amp#27;[0m&amp#27;[0m22:16:32,673 INFO  [org.infinispan.configuration.cache.EvictionConfigurationBuilder] (ServerService Thread Pool -- 62) ISPN000152: Passivation configured without an eviction policy being selected. Only manually evicted entities will be passivated.
&amp#27;[0m&amp#27;[0m22:16:32,673 INFO  [org.infinispan.configuration.cache.EvictionConfigurationBuilder] (ServerService Thread Pool -- 59) ISPN000152: Passivation configured without an eviction policy being selected. Only manually evicted entities will be passivated.
&amp#27;[0m&amp#27;[0m22:16:32,677 INFO  [org.infinispan.configuration.cache.EvictionConfigurationBuilder] (ServerService Thread Pool -- 62) ISPN000152: Passivation configured without an eviction policy being selected. Only manually evicted entities will be passivated.
&amp#27;[0m&amp#27;[0m22:16:32,677 INFO  [org.infinispan.configuration.cache.EvictionConfigurationBuilder] (ServerService Thread Pool -- 59) ISPN000152: Passivation configured without an eviction policy being selected. Only manually evicted entities will be passivated.
&amp#27;[0m&amp#27;[0m22:16:32,673 INFO  [org.infinispan.configuration.cache.EvictionConfigurationBuilder] (ServerService Thread Pool -- 63) ISPN000152: Passivation configured without an eviction policy being selected. Only manually evicted entities will be passivated.
&amp#27;[0m&amp#27;[0m22:16:32,750 INFO  [org.wildfly.extension.undertow] (MSC service thread 1-5) WFLYUT0006: Undertow HTTPS listener https listening on 127.0.0.1:8443
&amp#27;[0m&amp#27;[0m22:16:32,843 INFO  [org.jboss.ws.common.management] (MSC service thread 1-5) JBWS022052: Starting JBossWS 5.1.5.Final (Apache CXF 3.1.6) 
&amp#27;[0m&amp#27;[0m22:16:33,004 INFO  [org.jboss.as] (Controller Boot Thread) WFLYSRV0060: Http management interface listening on http://127.0.0.1:9990/management
&amp#27;[0m&amp#27;[0m22:16:33,005 INFO  [org.jboss.as] (Controller Boot Thread) WFLYSRV0051: Admin console listening on http://127.0.0.1:9990
&amp#27;[0m&amp#27;[0m22:16:33,005 INFO  [org.jboss.as] (Controller Boot Thread) WFLYSRV0025: WildFly Full 10.1.0.Final (WildFly Core 2.2.0.Final) started in 2640ms - Started 331 of 577 services (393 services are lazy, passive or on-demand)
&amp#27;[0m&amp#27;[0m22:16:33,539 INFO  [org.jboss.as.repository] (management-handler-thread - 4) WFLYDR0001: Content added at location /home/nima/Documents/java_enterprise/homework/target/downloaded_Wildfly/wildfly/standalone/data/content/07/9f07ac774ad54161ef7c1c8d4f466b725d3a71/content
&amp#27;[0m&amp#27;[0m22:16:33,596 INFO  [org.jboss.as.server.deployment] (MSC service thread 1-2) WFLYSRV0027: Starting deployment of "test.war" (runtime-name: "test.war")
&amp#27;[0m&amp#27;[0m22:16:34,070 INFO  [org.jboss.as.jpa] (MSC service thread 1-4) WFLYJPA0002: Read persistence.xml for JTA
&amp#27;[0m&amp#27;[0m22:16:34,071 INFO  [org.jboss.as.jpa] (MSC service thread 1-4) WFLYJPA0002: Read persistence.xml for DB
&amp#27;[0m&amp#27;[0m22:16:34,150 INFO  [org.jboss.as.jpa] (ServerService Thread Pool -- 63) WFLYJPA0010: Starting Persistence Unit (phase 1 of 2) Service 'test.war#DB'
&amp#27;[0m&amp#27;[0m22:16:34,150 INFO  [org.jboss.as.jpa] (ServerService Thread Pool -- 13) WFLYJPA0010: Starting Persistence Unit (phase 1 of 2) Service 'test.war#JTA'
&amp#27;[0m&amp#27;[0m22:16:34,175 INFO  [org.hibernate.jpa.internal.util.LogHelper] (ServerService Thread Pool -- 63) HHH000204: Processing PersistenceUnitInfo [
	name: DB
	...]
&amp#27;[0m&amp#27;[0m22:16:34,175 INFO  [org.hibernate.jpa.internal.util.LogHelper] (ServerService Thread Pool -- 13) HHH000204: Processing PersistenceUnitInfo [
	name: JTA
	...]
&amp#27;[0m&amp#27;[0m22:16:34,203 INFO  [org.jboss.weld.deployer] (MSC service thread 1-3) WFLYWELD0003: Processing weld deployment test.war
&amp#27;[0m&amp#27;[0m22:16:34,258 INFO  [org.hibernate.Version] (ServerService Thread Pool -- 13) HHH000412: Hibernate Core {5.0.10.Final}
&amp#27;[0m&amp#27;[0m22:16:34,259 INFO  [org.hibernate.cfg.Environment] (ServerService Thread Pool -- 13) HHH000206: hibernate.properties not found
&amp#27;[0m&amp#27;[0m22:16:34,261 INFO  [org.hibernate.cfg.Environment] (ServerService Thread Pool -- 13) HHH000021: Bytecode provider name : javassist
&amp#27;[0m&amp#27;[0m22:16:34,276 INFO  [org.hibernate.validator.internal.util.Version] (MSC service thread 1-3) HV000001: Hibernate Validator 5.2.4.Final
&amp#27;[0m&amp#27;[0m22:16:34,301 INFO  [org.hibernate.annotations.common.Version] (ServerService Thread Pool -- 13) HCANN000001: Hibernate Commons Annotations {5.0.1.Final}
&amp#27;[0m&amp#27;[0m22:16:34,349 INFO  [org.jboss.as.ejb3.deployment] (MSC service thread 1-3) WFLYEJB0473: JNDI bindings for session bean named 'DefaultDataInitializerEjb' in deployment unit 'deployment "test.war"' are as follows:

	java:global/test/DefaultDataInitializerEjb!com.ncorp.ejb.DefaultDataInitializerEjb
	java:app/test/DefaultDataInitializerEjb!com.ncorp.ejb.DefaultDataInitializerEjb
	java:module/DefaultDataInitializerEjb!com.ncorp.ejb.DefaultDataInitializerEjb
	java:global/test/DefaultDataInitializerEjb
	java:app/test/DefaultDataInitializerEjb
	java:module/DefaultDataInitializerEjb

&amp#27;[0m&amp#27;[0m22:16:34,349 INFO  [org.jboss.as.ejb3.deployment] (MSC service thread 1-3) WFLYEJB0473: JNDI bindings for session bean named 'ResetEjb' in deployment unit 'deployment "test.war"' are as follows:

	java:global/test/ResetEjb!com.ncorp.ejb.ResetEjb
	java:app/test/ResetEjb!com.ncorp.ejb.ResetEjb
	java:module/ResetEjb!com.ncorp.ejb.ResetEjb
	java:global/test/ResetEjb
	java:app/test/ResetEjb
	java:module/ResetEjb

&amp#27;[0m&amp#27;[0m22:16:34,349 INFO  [org.jboss.as.ejb3.deployment] (MSC service thread 1-3) WFLYEJB0473: JNDI bindings for session bean named 'QuizEjb' in deployment unit 'deployment "test.war"' are as follows:

	java:global/test/QuizEjb!com.ncorp.ejb.QuizEjb
	java:app/test/QuizEjb!com.ncorp.ejb.QuizEjb
	java:module/QuizEjb!com.ncorp.ejb.QuizEjb
	java:global/test/QuizEjb
	java:app/test/QuizEjb
	java:module/QuizEjb

&amp#27;[0m&amp#27;[0m22:16:34,350 INFO  [org.jboss.as.ejb3.deployment] (MSC service thread 1-3) WFLYEJB0473: JNDI bindings for session bean named 'CategoryEjb' in deployment unit 'deployment "test.war"' are as follows:

	java:global/test/CategoryEjb!com.ncorp.ejb.CategoryEjb
	java:app/test/CategoryEjb!com.ncorp.ejb.CategoryEjb
	java:module/CategoryEjb!com.ncorp.ejb.CategoryEjb
	java:global/test/CategoryEjb
	java:app/test/CategoryEjb
	java:module/CategoryEjb

&amp#27;[0m&amp#27;[0m22:16:34,514 INFO  [org.infinispan.configuration.cache.EvictionConfigurationBuilder] (ServerService Thread Pool -- 63) ISPN000152: Passivation configured without an eviction policy being selected. Only manually evicted entities will be passivated.
&amp#27;[0m&amp#27;[0m22:16:34,515 INFO  [org.infinispan.configuration.cache.EvictionConfigurationBuilder] (ServerService Thread Pool -- 63) ISPN000152: Passivation configured without an eviction policy being selected. Only manually evicted entities will be passivated.
&amp#27;[0m&amp#27;[0m22:16:34,565 INFO  [org.jboss.weld.Version] (MSC service thread 1-4) WELD-000900: 2.3.5 (Final)
&amp#27;[0m&amp#27;[0m22:16:34,780 INFO  [org.jboss.as.jpa] (ServerService Thread Pool -- 13) WFLYJPA0010: Starting Persistence Unit (phase 2 of 2) Service 'test.war#JTA'
&amp#27;[0m&amp#27;[0m22:16:34,780 INFO  [org.jboss.as.jpa] (ServerService Thread Pool -- 9) WFLYJPA0010: Starting Persistence Unit (phase 2 of 2) Service 'test.war#DB'
&amp#27;[0m&amp#27;[0m22:16:34,826 INFO  [org.jboss.as.clustering.infinispan] (ServerService Thread Pool -- 63) WFLYCLINF0002: Started client-mappings cache from ejb container
&amp#27;[0m&amp#27;[0m22:16:34,998 INFO  [org.hibernate.dialect.Dialect] (ServerService Thread Pool -- 9) HHH000400: Using dialect: org.hibernate.dialect.H2Dialect
&amp#27;[0m&amp#27;[0m22:16:34,998 INFO  [org.hibernate.dialect.Dialect] (ServerService Thread Pool -- 13) HHH000400: Using dialect: org.hibernate.dialect.H2Dialect
&amp#27;[0m&amp#27;[33m22:16:35,003 WARN  [org.hibernate.dialect.H2Dialect] (ServerService Thread Pool -- 9) HHH000431: Unable to determine H2 database version, certain features may not work
&amp#27;[0m&amp#27;[33m22:16:35,003 WARN  [org.hibernate.dialect.H2Dialect] (ServerService Thread Pool -- 13) HHH000431: Unable to determine H2 database version, certain features may not work
&amp#27;[0m&amp#27;[0m22:16:35,037 INFO  [org.hibernate.envers.boot.internal.EnversServiceImpl] (ServerService Thread Pool -- 9) Envers integration enabled? : true
&amp#27;[0m&amp#27;[0m22:16:35,037 INFO  [org.hibernate.envers.boot.internal.EnversServiceImpl] (ServerService Thread Pool -- 13) Envers integration enabled? : true
&amp#27;[0m&amp#27;[0m22:16:35,489 INFO  [org.hibernate.tool.hbm2ddl.SchemaExport] (ServerService Thread Pool -- 9) HHH000227: Running hbm2ddl schema export
&amp#27;[0m&amp#27;[0m22:16:35,489 INFO  [org.hibernate.tool.hbm2ddl.SchemaExport] (ServerService Thread Pool -- 13) HHH000227: Running hbm2ddl schema export
&amp#27;[0m&amp#27;[0m22:16:35,494 INFO  [stdout] (ServerService Thread Pool -- 9) Hibernate: drop table Category if exists
&amp#27;[0m&amp#27;[0m22:16:35,494 INFO  [stdout] (ServerService Thread Pool -- 9) Hibernate: drop table Quiz if exists
&amp#27;[0m&amp#27;[0m22:16:35,494 INFO  [stdout] (ServerService Thread Pool -- 9) Hibernate: drop table SubCategory if exists
&amp#27;[0m&amp#27;[0m22:16:35,495 INFO  [stdout] (ServerService Thread Pool -- 9) Hibernate: drop sequence if exists hibernate_sequence
&amp#27;[0m&amp#27;[0m22:16:35,497 INFO  [stdout] (ServerService Thread Pool -- 9) Hibernate: create sequence hibernate_sequence start with 1 increment by 1
&amp#27;[0m&amp#27;[0m22:16:35,498 INFO  [stdout] (ServerService Thread Pool -- 9) Hibernate: create table Category (id bigint not null, name varchar(128) not null, primary key (id))
&amp#27;[0m&amp#27;[31m22:16:35,499 ERROR [org.hibernate.tool.hbm2ddl.SchemaExport] (ServerService Thread Pool -- 9) HHH000389: Unsuccessful: create table Category (id bigint not null, name varchar(128) not null, primary key (id))
&amp#27;[0m&amp#27;[31m22:16:35,499 ERROR [org.hibernate.tool.hbm2ddl.SchemaExport] (ServerService Thread Pool -- 9) Table "CATEGORY" already exists; SQL statement:
create table Category (id bigint not null, name varchar(128) not null, primary key (id)) [42101-173]
&amp#27;[0m&amp#27;[0m22:16:35,499 INFO  [stdout] (ServerService Thread Pool -- 9) Hibernate: create table Quiz (id bigint not null, answerFour varchar(128) not null, answerOne varchar(128) not null, answerThree varchar(128) not null, answerTwo varchar(128) not null, correctAnswer integer not null check (correctAnswer>=0 AND correctAnswer<=3), question varchar(128) not null, subCategory_id bigint not null, primary key (id))
&amp#27;[0m&amp#27;[31m22:16:35,504 ERROR [org.hibernate.tool.hbm2ddl.SchemaExport] (ServerService Thread Pool -- 9) HHH000389: Unsuccessful: create table Quiz (id bigint not null, answerFour varchar(128) not null, answerOne varchar(128) not null, answerThree varchar(128) not null, answerTwo varchar(128) not null, correctAnswer integer not null check (correctAnswer>=0 AND correctAnswer<=3), question varchar(128) not null, subCategory_id bigint not null, primary key (id))
&amp#27;[0m&amp#27;[31m22:16:35,504 ERROR [org.hibernate.tool.hbm2ddl.SchemaExport] (ServerService Thread Pool -- 9) Table "QUIZ" already exists; SQL statement:
create table Quiz (id bigint not null, answerFour varchar(128) not null, answerOne varchar(128) not null, answerThree varchar(128) not null, answerTwo varchar(128) not null, correctAnswer integer not null check (correctAnswer>=0 AND correctAnswer<=3), question varchar(128) not null, subCategory_id bigint not null, primary key (id)) [42101-173]
&amp#27;[0m&amp#27;[0m22:16:35,504 INFO  [stdout] (ServerService Thread Pool -- 9) Hibernate: create table SubCategory (id bigint not null, name varchar(128) not null, category_id bigint not null, primary key (id))
&amp#27;[0m&amp#27;[31m22:16:35,505 ERROR [org.hibernate.tool.hbm2ddl.SchemaExport] (ServerService Thread Pool -- 9) HHH000389: Unsuccessful: create table SubCategory (id bigint not null, name varchar(128) not null, category_id bigint not null, primary key (id))
&amp#27;[0m&amp#27;[0m22:16:35,505 INFO  [org.hibernate.tool.hbm2ddl.SchemaExport] (ServerService Thread Pool -- 13) HHH000230: Schema export complete
&amp#27;[0m&amp#27;[31m22:16:35,505 ERROR [org.hibernate.tool.hbm2ddl.SchemaExport] (ServerService Thread Pool -- 9) Table "SUBCATEGORY" already exists; SQL statement:
create table SubCategory (id bigint not null, name varchar(128) not null, category_id bigint not null, primary key (id)) [42101-173]
&amp#27;[0m&amp#27;[0m22:16:35,506 INFO  [stdout] (ServerService Thread Pool -- 9) Hibernate: alter table Category add constraint UK_foei036ov74bv692o5lh5oi66 unique (name)
&amp#27;[0m&amp#27;[31m22:16:35,506 ERROR [org.hibernate.tool.hbm2ddl.SchemaExport] (ServerService Thread Pool -- 9) HHH000389: Unsuccessful: alter table Category add constraint UK_foei036ov74bv692o5lh5oi66 unique (name)
&amp#27;[0m&amp#27;[31m22:16:35,506 ERROR [org.hibernate.tool.hbm2ddl.SchemaExport] (ServerService Thread Pool -- 9) Constraint "UK_FOEI036OV74BV692O5LH5OI66" already exists; SQL statement:
alter table Category add constraint UK_foei036ov74bv692o5lh5oi66 unique (name) [90045-173]
&amp#27;[0m&amp#27;[0m22:16:35,506 INFO  [stdout] (ServerService Thread Pool -- 9) Hibernate: alter table Quiz add constraint UK_q4b6wyhfm04u8jnsqw2tx2wxh unique (question)
&amp#27;[0m&amp#27;[31m22:16:35,507 ERROR [org.hibernate.tool.hbm2ddl.SchemaExport] (ServerService Thread Pool -- 9) HHH000389: Unsuccessful: alter table Quiz add constraint UK_q4b6wyhfm04u8jnsqw2tx2wxh unique (question)
&amp#27;[0m&amp#27;[31m22:16:35,507 ERROR [org.hibernate.tool.hbm2ddl.SchemaExport] (ServerService Thread Pool -- 9) Constraint "UK_Q4B6WYHFM04U8JNSQW2TX2WXH" already exists; SQL statement:
alter table Quiz add constraint UK_q4b6wyhfm04u8jnsqw2tx2wxh unique (question) [90045-173]
&amp#27;[0m&amp#27;[0m22:16:35,507 INFO  [stdout] (ServerService Thread Pool -- 9) Hibernate: alter table Quiz add constraint FKa14569rl1ol6eb40vafv1yci8 foreign key (subCategory_id) references SubCategory
&amp#27;[0m&amp#27;[31m22:16:35,507 ERROR [org.hibernate.tool.hbm2ddl.SchemaExport] (ServerService Thread Pool -- 9) HHH000389: Unsuccessful: alter table Quiz add constraint FKa14569rl1ol6eb40vafv1yci8 foreign key (subCategory_id) references SubCategory
&amp#27;[0m&amp#27;[31m22:16:35,507 ERROR [org.hibernate.tool.hbm2ddl.SchemaExport] (ServerService Thread Pool -- 9) Constraint "FKA14569RL1OL6EB40VAFV1YCI8" already exists; SQL statement:
alter table Quiz add constraint FKa14569rl1ol6eb40vafv1yci8 foreign key (subCategory_id) references SubCategory [90045-173]
&amp#27;[0m&amp#27;[0m22:16:35,508 INFO  [stdout] (ServerService Thread Pool -- 9) Hibernate: alter table SubCategory add constraint FK806xr1d6ncs4kj5poyk81o90m foreign key (category_id) references Category
&amp#27;[0m&amp#27;[31m22:16:35,508 ERROR [org.hibernate.tool.hbm2ddl.SchemaExport] (ServerService Thread Pool -- 9) HHH000389: Unsuccessful: alter table SubCategory add constraint FK806xr1d6ncs4kj5poyk81o90m foreign key (category_id) references Category
&amp#27;[0m&amp#27;[31m22:16:35,508 ERROR [org.hibernate.tool.hbm2ddl.SchemaExport] (ServerService Thread Pool -- 9) Constraint "FK806XR1D6NCS4KJ5POYK81O90M" already exists; SQL statement:
alter table SubCategory add constraint FK806xr1d6ncs4kj5poyk81o90m foreign key (category_id) references Category [90045-173]
&amp#27;[0m&amp#27;[0m22:16:35,508 INFO  [org.hibernate.tool.hbm2ddl.SchemaExport] (ServerService Thread Pool -- 9) HHH000230: Schema export complete
&amp#27;[0m&amp#27;[0m22:16:35,511 INFO  [org.hibernate.hql.internal.QueryTranslatorFactoryInitiator] (ServerService Thread Pool -- 9) HHH000397: Using ASTQueryTranslatorFactory
&amp#27;[0m&amp#27;[0m22:16:35,511 INFO  [org.hibernate.hql.internal.QueryTranslatorFactoryInitiator] (ServerService Thread Pool -- 13) HHH000397: Using ASTQueryTranslatorFactory
&amp#27;[0m&amp#27;[31m22:16:36,152 ERROR [org.jboss.as.ejb3.invocation] (ServerService Thread Pool -- 63) WFLYEJB0034: EJB Invocation failed on component CategoryEjb for method public java.lang.Long com.ncorp.ejb.CategoryEjb.createSubCategory(long,java.lang.String): javax.ejb.EJBTransactionRolledbackException
	at org.jboss.as.ejb3.tx.CMTTxInterceptor.handleInCallerTx(CMTTxInterceptor.java:159)
	at org.jboss.as.ejb3.tx.CMTTxInterceptor.invokeInCallerTx(CMTTxInterceptor.java:256)
	at org.jboss.as.ejb3.tx.CMTTxInterceptor.required(CMTTxInterceptor.java:329)
	at org.jboss.as.ejb3.tx.CMTTxInterceptor.processInvocation(CMTTxInterceptor.java:239)
	at org.jboss.invocation.InterceptorContext.proceed(InterceptorContext.java:340)
	at org.jboss.as.ejb3.component.interceptors.CurrentInvocationContextInterceptor.processInvocation(CurrentInvocationContextInterceptor.java:41)
	at org.jboss.invocation.InterceptorContext.proceed(InterceptorContext.java:340)
	at org.jboss.as.ejb3.component.invocationmetrics.WaitTimeInterceptor.processInvocation(WaitTimeInterceptor.java:47)
	at org.jboss.invocation.InterceptorContext.proceed(InterceptorContext.java:340)
	at org.jboss.as.ejb3.security.SecurityContextInterceptor.processInvocation(SecurityContextInterceptor.java:100)
	at org.jboss.invocation.InterceptorContext.proceed(InterceptorContext.java:340)
	at org.jboss.as.ejb3.deployment.processors.StartupAwaitInterceptor.processInvocation(StartupAwaitInterceptor.java:22)
	at org.jboss.invocation.InterceptorContext.proceed(InterceptorContext.java:340)
	at org.jboss.as.ejb3.component.interceptors.ShutDownInterceptorFactory$1.processInvocation(ShutDownInterceptorFactory.java:64)
	at org.jboss.invocation.InterceptorContext.proceed(InterceptorContext.java:340)
	at org.jboss.as.ejb3.component.interceptors.LoggingInterceptor.processInvocation(LoggingInterceptor.java:67)
	at org.jboss.invocation.InterceptorContext.proceed(InterceptorContext.java:340)
	at org.jboss.as.ee.component.NamespaceContextInterceptor.processInvocation(NamespaceContextInterceptor.java:50)
	at org.jboss.invocation.InterceptorContext.proceed(InterceptorContext.java:340)
	at org.jboss.as.ejb3.component.interceptors.AdditionalSetupInterceptor.processInvocation(AdditionalSetupInterceptor.java:54)
	at org.jboss.invocation.InterceptorContext.proceed(InterceptorContext.java:340)
	at org.jboss.invocation.ContextClassLoaderInterceptor.processInvocation(ContextClassLoaderInterceptor.java:64)
	at org.jboss.invocation.InterceptorContext.proceed(InterceptorContext.java:340)
	at org.jboss.invocation.InterceptorContext.run(InterceptorContext.java:356)
	at org.wildfly.security.manager.WildFlySecurityManager.doChecked(WildFlySecurityManager.java:636)
	at org.jboss.invocation.AccessCheckingInterceptor.processInvocation(AccessCheckingInterceptor.java:61)
	at org.jboss.invocation.InterceptorContext.proceed(InterceptorContext.java:340)
	at org.jboss.invocation.InterceptorContext.run(InterceptorContext.java:356)
	at org.jboss.invocation.PrivilegedWithCombinerInterceptor.processInvocation(PrivilegedWithCombinerInterceptor.java:80)
	at org.jboss.invocation.InterceptorContext.proceed(InterceptorContext.java:340)
	at org.jboss.invocation.ChainedInterceptor.processInvocation(ChainedInterceptor.java:61)
	at org.jboss.as.ee.component.ViewService$View.invoke(ViewService.java:198)
	at org.jboss.as.ee.component.ViewDescription$1.processInvocation(ViewDescription.java:185)
	at org.jboss.invocation.InterceptorContext.proceed(InterceptorContext.java:340)
	at org.jboss.invocation.ChainedInterceptor.processInvocation(ChainedInterceptor.java:61)
	at org.jboss.as.ee.component.ProxyInvocationHandler.invoke(ProxyInvocationHandler.java:73)
	at com.ncorp.ejb.CategoryEjb$$$view4.createSubCategory(Unknown Source)
	at com.ncorp.ejb.DefaultDataInitializerEjb.init(DefaultDataInitializerEjb.java:22)
	at sun.reflect.NativeMethodAccessorImpl.invoke0(Native Method)
	at sun.reflect.NativeMethodAccessorImpl.invoke(NativeMethodAccessorImpl.java:62)
	at sun.reflect.DelegatingMethodAccessorImpl.invoke(DelegatingMethodAccessorImpl.java:43)
	at java.lang.reflect.Method.invoke(Method.java:498)
	at org.jboss.as.ee.component.ManagedReferenceLifecycleMethodInterceptor.processInvocation(ManagedReferenceLifecycleMethodInterceptor.java:96)
	at org.jboss.invocation.InterceptorContext.proceed(InterceptorContext.java:340)
	at org.jboss.as.weld.ejb.Jsr299BindingsInterceptor.doLifecycleInterception(Jsr299BindingsInterceptor.java:114)
	at org.jboss.as.weld.ejb.Jsr299BindingsInterceptor.processInvocation(Jsr299BindingsInterceptor.java:103)
	at org.jboss.invocation.InterceptorContext.proceed(InterceptorContext.java:340)
	at org.jboss.invocation.InterceptorContext$Invocation.proceed(InterceptorContext.java:437)
	at org.jboss.weld.ejb.AbstractEJBRequestScopeActivationInterceptor.aroundInvoke(AbstractEJBRequestScopeActivationInterceptor.java:73)
	at org.jboss.as.weld.ejb.EjbRequestScopeActivationInterceptor.processInvocation(EjbRequestScopeActivationInterceptor.java:83)
	at org.jboss.invocation.InterceptorContext.proceed(InterceptorContext.java:340)
	at org.jboss.as.weld.injection.WeldInjectionInterceptor.processInvocation(WeldInjectionInterceptor.java:53)
	at org.jboss.invocation.InterceptorContext.proceed(InterceptorContext.java:340)
	at org.jboss.as.ee.component.ManagedReferenceFieldInjectionInterceptorFactory$ManagedReferenceFieldInjectionInterceptor.processInvocation(ManagedReferenceFieldInjectionInterceptorFactory.java:107)
	at org.jboss.invocation.InterceptorContext.proceed(InterceptorContext.java:340)
	at org.jboss.as.ee.component.ManagedReferenceFieldInjectionInterceptorFactory$ManagedReferenceFieldInjectionInterceptor.processInvocation(ManagedReferenceFieldInjectionInterceptorFactory.java:107)
	at org.jboss.invocation.InterceptorContext.proceed(InterceptorContext.java:340)
	at org.jboss.as.ee.component.AroundConstructInterceptorFactory$1.processInvocation(AroundConstructInterceptorFactory.java:28)
	at org.jboss.invocation.InterceptorContext.proceed(InterceptorContext.java:340)
	at org.jboss.as.weld.injection.WeldInterceptorInjectionInterceptor.processInvocation(WeldInterceptorInjectionInterceptor.java:56)
	at org.jboss.invocation.InterceptorContext.proceed(InterceptorContext.java:340)
	at org.jboss.as.weld.ejb.Jsr299BindingsCreateInterceptor.processInvocation(Jsr299BindingsCreateInterceptor.java:100)
	at org.jboss.invocation.InterceptorContext.proceed(InterceptorContext.java:340)
	at org.jboss.as.ee.component.NamespaceContextInterceptor.processInvocation(NamespaceContextInterceptor.java:50)
	at org.jboss.invocation.InterceptorContext.proceed(InterceptorContext.java:340)
	at org.jboss.as.ejb3.tx.CMTTxInterceptor.invokeInOurTx(CMTTxInterceptor.java:275)
	at org.jboss.as.ejb3.tx.CMTTxInterceptor.requiresNew(CMTTxInterceptor.java:349)
	at org.jboss.as.ejb3.tx.LifecycleCMTTxInterceptor.processInvocation(LifecycleCMTTxInterceptor.java:68)
	at org.jboss.invocation.InterceptorContext.proceed(InterceptorContext.java:340)
	at org.jboss.as.weld.injection.WeldInjectionContextInterceptor.processInvocation(WeldInjectionContextInterceptor.java:43)
	at org.jboss.invocation.InterceptorContext.proceed(InterceptorContext.java:340)
	at org.jboss.as.ejb3.component.interceptors.CurrentInvocationContextInterceptor.processInvocation(CurrentInvocationContextInterceptor.java:41)
	at org.jboss.invocation.InterceptorContext.proceed(InterceptorContext.java:340)
	at org.jboss.as.ee.concurrent.ConcurrentContextInterceptor.processInvocation(ConcurrentContextInterceptor.java:45)
	at org.jboss.invocation.InterceptorContext.proceed(InterceptorContext.java:340)
	at org.jboss.invocation.ContextClassLoaderInterceptor.processInvocation(ContextClassLoaderInterceptor.java:64)
	at org.jboss.invocation.InterceptorContext.proceed(InterceptorContext.java:340)
	at org.jboss.as.ejb3.component.singleton.StartupCountDownInterceptor.processInvocation(StartupCountDownInterceptor.java:25)
	at org.jboss.invocation.InterceptorContext.proceed(InterceptorContext.java:340)
	at org.jboss.invocation.InterceptorContext.run(InterceptorContext.java:356)
	at org.jboss.invocation.PrivilegedWithCombinerInterceptor.processInvocation(PrivilegedWithCombinerInterceptor.java:80)
	at org.jboss.invocation.InterceptorContext.proceed(InterceptorContext.java:340)
	at org.jboss.invocation.ChainedInterceptor.processInvocation(ChainedInterceptor.java:61)
	at org.jboss.as.ee.component.BasicComponent.constructComponentInstance(BasicComponent.java:161)
	at org.jboss.as.ee.component.BasicComponent.constructComponentInstance(BasicComponent.java:134)
	at org.jboss.as.ee.component.BasicComponent.createInstance(BasicComponent.java:88)
	at org.jboss.as.ejb3.component.singleton.SingletonComponent.getComponentInstance(SingletonComponent.java:124)
	at org.jboss.as.ejb3.component.singleton.SingletonComponent.start(SingletonComponent.java:138)
	at org.jboss.as.ee.component.ComponentStartService$1.run(ComponentStartService.java:54)
	at java.util.concurrent.Executors$RunnableAdapter.call(Executors.java:511)
	at java.util.concurrent.FutureTask.run(FutureTask.java:266)
	at java.util.concurrent.ThreadPoolExecutor.runWorker(ThreadPoolExecutor.java:1149)
	at java.util.concurrent.ThreadPoolExecutor$Worker.run(ThreadPoolExecutor.java:624)
	at java.lang.Thread.run(Thread.java:748)
	at org.jboss.threads.JBossThread.run(JBossThread.java:320)
Caused by: java.lang.NullPointerException
	at com.ncorp.ejb.CategoryEjb.createSubCategory(CategoryEjb.java:36)
	at sun.reflect.NativeMethodAccessorImpl.invoke0(Native Method)
	at sun.reflect.NativeMethodAccessorImpl.invoke(NativeMethodAccessorImpl.java:62)
	at sun.reflect.DelegatingMethodAccessorImpl.invoke(DelegatingMethodAccessorImpl.java:43)
	at java.lang.reflect.Method.invoke(Method.java:498)
	at org.jboss.as.ee.component.ManagedReferenceMethodInterceptor.processInvocation(ManagedReferenceMethodInterceptor.java:52)
	at org.jboss.invocation.InterceptorContext.proceed(InterceptorContext.java:340)
	at org.jboss.invocation.InterceptorContext$Invocation.proceed(InterceptorContext.java:437)
	at org.jboss.as.weld.ejb.Jsr299BindingsInterceptor.delegateInterception(Jsr299BindingsInterceptor.java:70)
	at org.jboss.as.weld.ejb.Jsr299BindingsInterceptor.doMethodInterception(Jsr299BindingsInterceptor.java:80)
	at org.jboss.as.weld.ejb.Jsr299BindingsInterceptor.processInvocation(Jsr299BindingsInterceptor.java:93)
	at org.jboss.as.ee.component.interceptors.UserInterceptorFactory$1.processInvocation(UserInterceptorFactory.java:63)
	at org.jboss.invocation.InterceptorContext.proceed(InterceptorContext.java:340)
	at org.jboss.as.ejb3.component.invocationmetrics.ExecutionTimeInterceptor.processInvocation(ExecutionTimeInterceptor.java:43)
	at org.jboss.invocation.InterceptorContext.proceed(InterceptorContext.java:340)
	at org.jboss.as.jpa.interceptor.SBInvocationInterceptor.processInvocation(SBInvocationInterceptor.java:47)
	at org.jboss.invocation.InterceptorContext.proceed(InterceptorContext.java:340)
	at org.jboss.invocation.InterceptorContext$Invocation.proceed(InterceptorContext.java:437)
	at org.jboss.weld.ejb.AbstractEJBRequestScopeActivationInterceptor.aroundInvoke(AbstractEJBRequestScopeActivationInterceptor.java:64)
	at org.jboss.as.weld.ejb.EjbRequestScopeActivationInterceptor.processInvocation(EjbRequestScopeActivationInterceptor.java:83)
	at org.jboss.invocation.InterceptorContext.proceed(InterceptorContext.java:340)
	at org.jboss.as.ee.concurrent.ConcurrentContextInterceptor.processInvocation(ConcurrentContextInterceptor.java:45)
	at org.jboss.invocation.InterceptorContext.proceed(InterceptorContext.java:340)
	at org.jboss.invocation.InitialInterceptor.processInvocation(InitialInterceptor.java:21)
	at org.jboss.invocation.InterceptorContext.proceed(InterceptorContext.java:340)
	at org.jboss.invocation.ChainedInterceptor.processInvocation(ChainedInterceptor.java:61)
	at org.jboss.as.ee.component.interceptors.ComponentDispatcherInterceptor.processInvocation(ComponentDispatcherInterceptor.java:52)
	at org.jboss.invocation.InterceptorContext.proceed(InterceptorContext.java:340)
	at org.jboss.as.ejb3.component.pool.PooledInstanceInterceptor.processInvocation(PooledInstanceInterceptor.java:51)
	at org.jboss.invocation.InterceptorContext.proceed(InterceptorContext.java:340)
	at org.jboss.as.ejb3.tx.CMTTxInterceptor.invokeInCallerTx(CMTTxInterceptor.java:254)
	... 93 more

&amp#27;[0m&amp#27;[31m22:16:36,159 ERROR [org.jboss.msc.service.fail] (ServerService Thread Pool -- 63) MSC000001: Failed to start service jboss.deployment.unit."test.war".component.DefaultDataInitializerEjb.START: org.jboss.msc.service.StartException in service jboss.deployment.unit."test.war".component.DefaultDataInitializerEjb.START: java.lang.IllegalStateException: WFLYEE0042: Failed to construct component instance
	at org.jboss.as.ee.component.ComponentStartService$1.run(ComponentStartService.java:57)
	at java.util.concurrent.Executors$RunnableAdapter.call(Executors.java:511)
	at java.util.concurrent.FutureTask.run(FutureTask.java:266)
	at java.util.concurrent.ThreadPoolExecutor.runWorker(ThreadPoolExecutor.java:1149)
	at java.util.concurrent.ThreadPoolExecutor$Worker.run(ThreadPoolExecutor.java:624)
	at java.lang.Thread.run(Thread.java:748)
	at org.jboss.threads.JBossThread.run(JBossThread.java:320)
Caused by: java.lang.IllegalStateException: WFLYEE0042: Failed to construct component instance
	at org.jboss.as.ee.component.BasicComponent.constructComponentInstance(BasicComponent.java:163)
	at org.jboss.as.ee.component.BasicComponent.constructComponentInstance(BasicComponent.java:134)
	at org.jboss.as.ee.component.BasicComponent.createInstance(BasicComponent.java:88)
	at org.jboss.as.ejb3.component.singleton.SingletonComponent.getComponentInstance(SingletonComponent.java:124)
	at org.jboss.as.ejb3.component.singleton.SingletonComponent.start(SingletonComponent.java:138)
	at org.jboss.as.ee.component.ComponentStartService$1.run(ComponentStartService.java:54)
	... 6 more
Caused by: javax.ejb.EJBTransactionRolledbackException
	at org.jboss.as.ejb3.tx.CMTTxInterceptor.handleInCallerTx(CMTTxInterceptor.java:159)
	at org.jboss.as.ejb3.tx.CMTTxInterceptor.invokeInCallerTx(CMTTxInterceptor.java:256)
	at org.jboss.as.ejb3.tx.CMTTxInterceptor.required(CMTTxInterceptor.java:329)
	at org.jboss.as.ejb3.tx.CMTTxInterceptor.processInvocation(CMTTxInterceptor.java:239)
	at org.jboss.invocation.InterceptorContext.proceed(InterceptorContext.java:340)
	at org.jboss.as.ejb3.component.interceptors.CurrentInvocationContextInterceptor.processInvocation(CurrentInvocationContextInterceptor.java:41)
	at org.jboss.invocation.InterceptorContext.proceed(InterceptorContext.java:340)
	at org.jboss.as.ejb3.component.invocationmetrics.WaitTimeInterceptor.processInvocation(WaitTimeInterceptor.java:47)
	at org.jboss.invocation.InterceptorContext.proceed(InterceptorContext.java:340)
	at org.jboss.as.ejb3.security.SecurityContextInterceptor.processInvocation(SecurityContextInterceptor.java:100)
	at org.jboss.invocation.InterceptorContext.proceed(InterceptorContext.java:340)
	at org.jboss.as.ejb3.deployment.processors.StartupAwaitInterceptor.processInvocation(StartupAwaitInterceptor.java:22)
	at org.jboss.invocation.InterceptorContext.proceed(InterceptorContext.java:340)
	at org.jboss.as.ejb3.component.interceptors.ShutDownInterceptorFactory$1.processInvocation(ShutDownInterceptorFactory.java:64)
	at org.jboss.invocation.InterceptorContext.proceed(InterceptorContext.java:340)
	at org.jboss.as.ejb3.component.interceptors.LoggingInterceptor.processInvocation(LoggingInterceptor.java:67)
	at org.jboss.invocation.InterceptorContext.proceed(InterceptorContext.java:340)
	at org.jboss.as.ee.component.NamespaceContextInterceptor.processInvocation(NamespaceContextInterceptor.java:50)
	at org.jboss.invocation.InterceptorContext.proceed(InterceptorContext.java:340)
	at org.jboss.as.ejb3.component.interceptors.AdditionalSetupInterceptor.processInvocation(AdditionalSetupInterceptor.java:54)
	at org.jboss.invocation.InterceptorContext.proceed(InterceptorContext.java:340)
	at org.jboss.invocation.ContextClassLoaderInterceptor.processInvocation(ContextClassLoaderInterceptor.java:64)
	at org.jboss.invocation.InterceptorContext.proceed(InterceptorContext.java:340)
	at org.jboss.invocation.InterceptorContext.run(InterceptorContext.java:356)
	at org.wildfly.security.manager.WildFlySecurityManager.doChecked(WildFlySecurityManager.java:636)
	at org.jboss.invocation.AccessCheckingInterceptor.processInvocation(AccessCheckingInterceptor.java:61)
	at org.jboss.invocation.InterceptorContext.proceed(InterceptorContext.java:340)
	at org.jboss.invocation.InterceptorContext.run(InterceptorContext.java:356)
	at org.jboss.invocation.PrivilegedWithCombinerInterceptor.processInvocation(PrivilegedWithCombinerInterceptor.java:80)
	at org.jboss.invocation.InterceptorContext.proceed(InterceptorContext.java:340)
	at org.jboss.invocation.ChainedInterceptor.processInvocation(ChainedInterceptor.java:61)
	at org.jboss.as.ee.component.ViewService$View.invoke(ViewService.java:198)
	at org.jboss.as.ee.component.ViewDescription$1.processInvocation(ViewDescription.java:185)
	at org.jboss.invocation.InterceptorContext.proceed(InterceptorContext.java:340)
	at org.jboss.invocation.ChainedInterceptor.processInvocation(ChainedInterceptor.java:61)
	at org.jboss.as.ee.component.ProxyInvocationHandler.invoke(ProxyInvocationHandler.java:73)
	at com.ncorp.ejb.CategoryEjb$$$view4.createSubCategory(Unknown Source)
	at com.ncorp.ejb.DefaultDataInitializerEjb.init(DefaultDataInitializerEjb.java:22)
	at sun.reflect.NativeMethodAccessorImpl.invoke0(Native Method)
	at sun.reflect.NativeMethodAccessorImpl.invoke(NativeMethodAccessorImpl.java:62)
	at sun.reflect.DelegatingMethodAccessorImpl.invoke(DelegatingMethodAccessorImpl.java:43)
	at java.lang.reflect.Method.invoke(Method.java:498)
	at org.jboss.as.ee.component.ManagedReferenceLifecycleMethodInterceptor.processInvocation(ManagedReferenceLifecycleMethodInterceptor.java:96)
	at org.jboss.invocation.InterceptorContext.proceed(InterceptorContext.java:340)
	at org.jboss.as.weld.ejb.Jsr299BindingsInterceptor.doLifecycleInterception(Jsr299BindingsInterceptor.java:114)
	at org.jboss.as.weld.ejb.Jsr299BindingsInterceptor.processInvocation(Jsr299BindingsInterceptor.java:103)
	at org.jboss.invocation.InterceptorContext.proceed(InterceptorContext.java:340)
	at org.jboss.invocation.InterceptorContext$Invocation.proceed(InterceptorContext.java:437)
	at org.jboss.weld.ejb.AbstractEJBRequestScopeActivationInterceptor.aroundInvoke(AbstractEJBRequestScopeActivationInterceptor.java:73)
	at org.jboss.as.weld.ejb.EjbRequestScopeActivationInterceptor.processInvocation(EjbRequestScopeActivationInterceptor.java:83)
	at org.jboss.invocation.InterceptorContext.proceed(InterceptorContext.java:340)
	at org.jboss.as.weld.injection.WeldInjectionInterceptor.processInvocation(WeldInjectionInterceptor.java:53)
	at org.jboss.invocation.InterceptorContext.proceed(InterceptorContext.java:340)
	at org.jboss.as.ee.component.ManagedReferenceFieldInjectionInterceptorFactory$ManagedReferenceFieldInjectionInterceptor.processInvocation(ManagedReferenceFieldInjectionInterceptorFactory.java:107)
	at org.jboss.invocation.InterceptorContext.proceed(InterceptorContext.java:340)
	at org.jboss.as.ee.component.ManagedReferenceFieldInjectionInterceptorFactory$ManagedReferenceFieldInjectionInterceptor.processInvocation(ManagedReferenceFieldInjectionInterceptorFactory.java:107)
	at org.jboss.invocation.InterceptorContext.proceed(InterceptorContext.java:340)
	at org.jboss.as.ee.component.AroundConstructInterceptorFactory$1.processInvocation(AroundConstructInterceptorFactory.java:28)
	at org.jboss.invocation.InterceptorContext.proceed(InterceptorContext.java:340)
	at org.jboss.as.weld.injection.WeldInterceptorInjectionInterceptor.processInvocation(WeldInterceptorInjectionInterceptor.java:56)
	at org.jboss.invocation.InterceptorContext.proceed(InterceptorContext.java:340)
	at org.jboss.as.weld.ejb.Jsr299BindingsCreateInterceptor.processInvocation(Jsr299BindingsCreateInterceptor.java:100)
	at org.jboss.invocation.InterceptorContext.proceed(InterceptorContext.java:340)
	at org.jboss.as.ee.component.NamespaceContextInterceptor.processInvocation(NamespaceContextInterceptor.java:50)
	at org.jboss.invocation.InterceptorContext.proceed(InterceptorContext.java:340)
	at org.jboss.as.ejb3.tx.CMTTxInterceptor.invokeInOurTx(CMTTxInterceptor.java:275)
	at org.jboss.as.ejb3.tx.CMTTxInterceptor.requiresNew(CMTTxInterceptor.java:349)
	at org.jboss.as.ejb3.tx.LifecycleCMTTxInterceptor.processInvocation(LifecycleCMTTxInterceptor.java:68)
	at org.jboss.invocation.InterceptorContext.proceed(InterceptorContext.java:340)
	at org.jboss.as.weld.injection.WeldInjectionContextInterceptor.processInvocation(WeldInjectionContextInterceptor.java:43)
	at org.jboss.invocation.InterceptorContext.proceed(InterceptorContext.java:340)
	at org.jboss.as.ejb3.component.interceptors.CurrentInvocationContextInterceptor.processInvocation(CurrentInvocationContextInterceptor.java:41)
	at org.jboss.invocation.InterceptorContext.proceed(InterceptorContext.java:340)
	at org.jboss.as.ee.concurrent.ConcurrentContextInterceptor.processInvocation(ConcurrentContextInterceptor.java:45)
	at org.jboss.invocation.InterceptorContext.proceed(InterceptorContext.java:340)
	at org.jboss.invocation.ContextClassLoaderInterceptor.processInvocation(ContextClassLoaderInterceptor.java:64)
	at org.jboss.invocation.InterceptorContext.proceed(InterceptorContext.java:340)
	at org.jboss.as.ejb3.component.singleton.StartupCountDownInterceptor.processInvocation(StartupCountDownInterceptor.java:25)
	at org.jboss.invocation.InterceptorContext.proceed(InterceptorContext.java:340)
	at org.jboss.invocation.InterceptorContext.run(InterceptorContext.java:356)
	at org.jboss.invocation.PrivilegedWithCombinerInterceptor.processInvocation(PrivilegedWithCombinerInterceptor.java:80)
	at org.jboss.invocation.InterceptorContext.proceed(InterceptorContext.java:340)
	at org.jboss.invocation.ChainedInterceptor.processInvocation(ChainedInterceptor.java:61)
	at org.jboss.as.ee.component.BasicComponent.constructComponentInstance(BasicComponent.java:161)
	... 11 more
Caused by: java.lang.NullPointerException
	at com.ncorp.ejb.CategoryEjb.createSubCategory(CategoryEjb.java:36)
	at sun.reflect.NativeMethodAccessorImpl.invoke0(Native Method)
	at sun.reflect.NativeMethodAccessorImpl.invoke(NativeMethodAccessorImpl.java:62)
	at sun.reflect.DelegatingMethodAccessorImpl.invoke(DelegatingMethodAccessorImpl.java:43)
	at java.lang.reflect.Method.invoke(Method.java:498)
	at org.jboss.as.ee.component.ManagedReferenceMethodInterceptor.processInvocation(ManagedReferenceMethodInterceptor.java:52)
	at org.jboss.invocation.InterceptorContext.proceed(InterceptorContext.java:340)
	at org.jboss.invocation.InterceptorContext$Invocation.proceed(InterceptorContext.java:437)
	at org.jboss.as.weld.ejb.Jsr299BindingsInterceptor.delegateInterception(Jsr299BindingsInterceptor.java:70)
	at org.jboss.as.weld.ejb.Jsr299BindingsInterceptor.doMethodInterception(Jsr299BindingsInterceptor.java:80)
	at org.jboss.as.weld.ejb.Jsr299BindingsInterceptor.processInvocation(Jsr299BindingsInterceptor.java:93)
	at org.jboss.as.ee.component.interceptors.UserInterceptorFactory$1.processInvocation(UserInterceptorFactory.java:63)
	at org.jboss.invocation.InterceptorContext.proceed(InterceptorContext.java:340)
	at org.jboss.as.ejb3.component.invocationmetrics.ExecutionTimeInterceptor.processInvocation(ExecutionTimeInterceptor.java:43)
	at org.jboss.invocation.InterceptorContext.proceed(InterceptorContext.java:340)
	at org.jboss.as.jpa.interceptor.SBInvocationInterceptor.processInvocation(SBInvocationInterceptor.java:47)
	at org.jboss.invocation.InterceptorContext.proceed(InterceptorContext.java:340)
	at org.jboss.invocation.InterceptorContext$Invocation.proceed(InterceptorContext.java:437)
	at org.jboss.weld.ejb.AbstractEJBRequestScopeActivationInterceptor.aroundInvoke(AbstractEJBRequestScopeActivationInterceptor.java:64)
	at org.jboss.as.weld.ejb.EjbRequestScopeActivationInterceptor.processInvocation(EjbRequestScopeActivationInterceptor.java:83)
	at org.jboss.invocation.InterceptorContext.proceed(InterceptorContext.java:340)
	at org.jboss.as.ee.concurrent.ConcurrentContextInterceptor.processInvocation(ConcurrentContextInterceptor.java:45)
	at org.jboss.invocation.InterceptorContext.proceed(InterceptorContext.java:340)
	at org.jboss.invocation.InitialInterceptor.processInvocation(InitialInterceptor.java:21)
	at org.jboss.invocation.InterceptorContext.proceed(InterceptorContext.java:340)
	at org.jboss.invocation.ChainedInterceptor.processInvocation(ChainedInterceptor.java:61)
	at org.jboss.as.ee.component.interceptors.ComponentDispatcherInterceptor.processInvocation(ComponentDispatcherInterceptor.java:52)
	at org.jboss.invocation.InterceptorContext.proceed(InterceptorContext.java:340)
	at org.jboss.as.ejb3.component.pool.PooledInstanceInterceptor.processInvocation(PooledInstanceInterceptor.java:51)
	at org.jboss.invocation.InterceptorContext.proceed(InterceptorContext.java:340)
	at org.jboss.as.ejb3.tx.CMTTxInterceptor.invokeInCallerTx(CMTTxInterceptor.java:254)
	... 93 more

&amp#27;[0m&amp#27;[31m22:16:36,163 ERROR [org.jboss.as.controller.management-operation] (management-handler-thread - 4) WFLYCTL0013: Operation ("add") failed - address: ([("deployment" => "test.war")]) - failure description: {
    "WFLYCTL0080: Failed services" => {"jboss.deployment.unit.\"test.war\".component.DefaultDataInitializerEjb.START" => "org.jboss.msc.service.StartException in service jboss.deployment.unit.\"test.war\".component.DefaultDataInitializerEjb.START: java.lang.IllegalStateException: WFLYEE0042: Failed to construct component instance
    Caused by: java.lang.IllegalStateException: WFLYEE0042: Failed to construct component instance
    Caused by: javax.ejb.EJBTransactionRolledbackException
    Caused by: java.lang.NullPointerException"},
    "WFLYCTL0412: Required services that are not installed:" => ["jboss.deployment.unit.\"test.war\".component.DefaultDataInitializerEjb.START"],
    "WFLYCTL0180: Services with missing/unavailable dependencies" => undefined
}
&amp#27;[0m&amp#27;[31m22:16:36,165 ERROR [org.jboss.as.server] (management-handler-thread - 4) WFLYSRV0021: Deploy of deployment "test.war" was rolled back with the following failure message: 
{
    "WFLYCTL0080: Failed services" => {"jboss.deployment.unit.\"test.war\".component.DefaultDataInitializerEjb.START" => "org.jboss.msc.service.StartException in service jboss.deployment.unit.\"test.war\".component.DefaultDataInitializerEjb.START: java.lang.IllegalStateException: WFLYEE0042: Failed to construct component instance
    Caused by: java.lang.IllegalStateException: WFLYEE0042: Failed to construct component instance
    Caused by: javax.ejb.EJBTransactionRolledbackException
    Caused by: java.lang.NullPointerException"},
    "WFLYCTL0412: Required services that are not installed:" => ["jboss.deployment.unit.\"test.war\".component.DefaultDataInitializerEjb.START"],
    "WFLYCTL0180: Services with missing/unavailable dependencies" => undefined
}
&amp#27;[0m&amp#27;[0m22:16:36,283 INFO  [org.jboss.as.jpa] (ServerService Thread Pool -- 63) WFLYJPA0011: Stopping Persistence Unit (phase 2 of 2) Service 'test.war#JTA'
&amp#27;[0m&amp#27;[0m22:16:36,283 INFO  [org.jboss.as.jpa] (ServerService Thread Pool -- 15) WFLYJPA0011: Stopping Persistence Unit (phase 2 of 2) Service 'test.war#DB'
&amp#27;[0m&amp#27;[0m22:16:36,284 INFO  [org.hibernate.tool.hbm2ddl.SchemaExport] (ServerService Thread Pool -- 15) HHH000227: Running hbm2ddl schema export
&amp#27;[0m&amp#27;[0m22:16:36,284 INFO  [org.hibernate.tool.hbm2ddl.SchemaExport] (ServerService Thread Pool -- 63) HHH000227: Running hbm2ddl schema export
&amp#27;[0m&amp#27;[0m22:16:36,285 INFO  [stdout] (ServerService Thread Pool -- 15) Hibernate: drop table Category if exists
&amp#27;[0m&amp#27;[0m22:16:36,287 INFO  [stdout] (ServerService Thread Pool -- 15) Hibernate: drop table Quiz if exists
&amp#27;[0m&amp#27;[0m22:16:36,288 INFO  [stdout] (ServerService Thread Pool -- 15) Hibernate: drop table SubCategory if exists
&amp#27;[0m&amp#27;[0m22:16:36,288 INFO  [stdout] (ServerService Thread Pool -- 15) Hibernate: drop sequence if exists hibernate_sequence
&amp#27;[0m&amp#27;[0m22:16:36,289 INFO  [org.hibernate.tool.hbm2ddl.SchemaExport] (ServerService Thread Pool -- 15) HHH000230: Schema export complete
&amp#27;[0m&amp#27;[0m22:16:36,289 INFO  [org.hibernate.tool.hbm2ddl.SchemaExport] (ServerService Thread Pool -- 63) HHH000230: Schema export complete
&amp#27;[0m&amp#27;[0m22:16:36,291 INFO  [org.jboss.as.jpa] (ServerService Thread Pool -- 63) WFLYJPA0011: Stopping Persistence Unit (phase 1 of 2) Service 'test.war#DB'
&amp#27;[0m&amp#27;[0m22:16:36,291 INFO  [org.jboss.as.jpa] (ServerService Thread Pool -- 15) WFLYJPA0011: Stopping Persistence Unit (phase 1 of 2) Service 'test.war#JTA'
&amp#27;[0m&amp#27;[0m22:16:36,302 INFO  [org.jboss.as.server.deployment] (MSC service thread 1-6) WFLYSRV0028: Stopped deployment test.war (runtime-name: test.war) in 136ms
&amp#27;[0m&amp#27;[0m22:16:36,303 INFO  [org.jboss.as.clustering.infinispan] (ServerService Thread Pool -- 15) WFLYCLINF0003: Stopped client-mappings cache from ejb container
&amp#27;[0m&amp#27;[0m22:16:36,305 INFO  [org.jboss.as.controller] (management-handler-thread - 4) WFLYCTL0183: Service status report
WFLYCTL0184:    New missing/unsatisfied dependencies:
      service jboss.deployment.unit."test.war".WeldStartService (missing) dependents: [service jboss.undertow.deployment.default-server.default-host./test.UndertowDeploymentInfoService, service jboss.undertow.deployment.default-server.default-host./test] 
      service jboss.deployment.unit."test.war".component.CategoryEjb.START (missing) dependents: [service jboss.undertow.deployment.default-server.default-host./test.UndertowDeploymentInfoService, service jboss.deployment.unit."test.war".moduleDeploymentRuntimeInformationStart, service jboss.undertow.deployment.default-server.default-host./test, service jboss.deployment.unit."test.war".deploymentCompleteService] 
      service jboss.deployment.unit."test.war".component.DefaultDataInitializerEjb.START (missing) dependents: [service jboss.undertow.deployment.default-server.default-host./test.UndertowDeploymentInfoService, service jboss.deployment.unit."test.war".moduleDeploymentRuntimeInformationStart, service jboss.undertow.deployment.default-server.default-host./test, service jboss.deployment.unit."test.war".deploymentCompleteService] 
      service jboss.deployment.unit."test.war".component.QuizEjb.START (missing) dependents: [service jboss.undertow.deployment.default-server.default-host./test.UndertowDeploymentInfoService, service jboss.deployment.unit."test.war".moduleDeploymentRuntimeInformationStart, service jboss.undertow.deployment.default-server.default-host./test, service jboss.deployment.unit."test.war".deploymentCompleteService] 
      service jboss.deployment.unit."test.war".component.ResetEjb.START (missing) dependents: [service jboss.undertow.deployment.default-server.default-host./test.UndertowDeploymentInfoService, service jboss.deployment.unit."test.war".moduleDeploymentRuntimeInformationStart, service jboss.undertow.deployment.default-server.default-host./test, service jboss.deployment.unit."test.war".deploymentCompleteService] 
      service jboss.deployment.unit."test.war".component."com.sun.faces.config.ConfigureListener".START (missing) dependents: [service jboss.undertow.deployment.default-server.default-host./test.UndertowDeploymentInfoService, service jboss.undertow.deployment.default-server.default-host./test, service jboss.deployment.unit."test.war".deploymentCompleteService] 
      service jboss.deployment.unit."test.war".component."javax.faces.webapp.FacetTag".START (missing) dependents: [service jboss.undertow.deployment.default-server.default-host./test.UndertowDeploymentInfoService, service jboss.undertow.deployment.default-server.default-host./test, service jboss.deployment.unit."test.war".deploymentCompleteService] 
      service jboss.deployment.unit."test.war".component."javax.servlet.jsp.jstl.tlv.PermittedTaglibsTLV".START (missing) dependents: [service jboss.undertow.deployment.default-server.default-host./test.UndertowDeploymentInfoService, service jboss.undertow.deployment.default-server.default-host./test, service jboss.deployment.unit."test.war".deploymentCompleteService] 
      service jboss.deployment.unit."test.war".component."org.jboss.arquillian.protocol.servlet.runner.ServletTestRunner".START (missing) dependents: [service jboss.undertow.deployment.default-server.default-host./test.UndertowDeploymentInfoService, service jboss.undertow.deployment.default-server.default-host./test, service jboss.deployment.unit."test.war".deploymentCompleteService] 
      service jboss.deployment.unit."test.war".component."org.jboss.weld.servlet.WeldInitialListener".START (missing) dependents: [service jboss.undertow.deployment.default-server.default-host./test.UndertowDeploymentInfoService, service jboss.undertow.deployment.default-server.default-host./test, service jboss.deployment.unit."test.war".deploymentCompleteService] 
      service jboss.deployment.unit."test.war".component."org.jboss.weld.servlet.WeldTerminalListener".START (missing) dependents: [service jboss.undertow.deployment.default-server.default-host./test.UndertowDeploymentInfoService, service jboss.undertow.deployment.default-server.default-host./test, service jboss.deployment.unit."test.war".deploymentCompleteService] 
      service jboss.deployment.unit."test.war".ee.ComponentRegistry (missing) dependents: [service jboss.undertow.deployment.default-server.default-host./test.UndertowDeploymentInfoService] 
      service jboss.deployment.unit."test.war".moduleDeploymentRuntimeInformation (missing) dependents: [service jboss.deployment.unit."test.war".moduleDeploymentRuntimeInformationStart] 
      service jboss.persistenceunit."test.war#DB" (missing) dependents: [service jboss.undertow.deployment.default-server.default-host./test.UndertowDeploymentInfoService, service jboss.undertow.deployment.default-server.default-host./test, service jboss.deployment.unit."test.war".deploymentCompleteService] 
      service jboss.persistenceunit."test.war#JTA" (missing) dependents: [service jboss.undertow.deployment.default-server.default-host./test.UndertowDeploymentInfoService, service jboss.undertow.deployment.default-server.default-host./test, service jboss.deployment.unit."test.war".deploymentCompleteService] 
      service jboss.undertow.deployment.default-server.default-host./test (missing) dependents: [service jboss.deployment.unit."test.war".deploymentCompleteService] 
      service jboss.undertow.deployment.default-server.default-host./test.UndertowDeploymentInfoService (missing) dependents: [service jboss.undertow.deployment.default-server.default-host./test] 
      service jboss.undertow.deployment.default-server.default-host./test.codec (missing) dependents: [service jboss.undertow.deployment.default-server.default-host./test.UndertowDeploymentInfoService] 
      service jboss.undertow.deployment.default-server.default-host./test.session (missing) dependents: [service jboss.undertow.deployment.default-server.default-host./test.UndertowDeploymentInfoService] 
      service org.wildfly.request-controller.control-point."test.war".undertow (missing) dependents: [service jboss.undertow.deployment.default-server.default-host./test.UndertowDeploymentInfoService] 
WFLYCTL0186:   Services which failed to start:      service jboss.deployment.unit."test.war".component.DefaultDataInitializerEjb.START

&amp#27;[0m]]></system-out>
    <system-err><![CDATA[Feb 18, 2018 10:16:30 PM org.jboss.as.arquillian.container.managed.ManagedDeployableContainer startInternal
WARNING: Bundles path is deprecated and no longer used.
Feb 18, 2018 10:16:30 PM org.jboss.as.arquillian.container.managed.ManagedDeployableContainer startInternal
INFO: Starting container with: [/usr/lib/jvm/java-8-oracle/bin/java, -D[Standalone], -Xms64m, -Xmx512m, -Djava.net.preferIPv4Stack=true, -Djava.awt.headless=true, -Djboss.modules.system.pkgs=org.jboss.byteman, -ea, -Djboss.home.dir=/home/nima/Documents/java_enterprise/homework/target/downloaded_Wildfly/wildfly, -Dorg.jboss.boot.log.file=/home/nima/Documents/java_enterprise/homework/target/downloaded_Wildfly/wildfly/standalone/log/server.log, -Dlogging.configuration=file:/home/nima/Documents/java_enterprise/homework/target/downloaded_Wildfly/wildfly/standalone/configuration/logging.properties, -jar, /home/nima/Documents/java_enterprise/homework/target/downloaded_Wildfly/wildfly/jboss-modules.jar, -mp, /home/nima/Documents/java_enterprise/homework/target/downloaded_Wildfly/wildfly/modules, org.jboss.as.standalone, -Djboss.home.dir=/home/nima/Documents/java_enterprise/homework/target/downloaded_Wildfly/wildfly, -Djboss.server.base.dir=/home/nima/Documents/java_enterprise/homework/target/downloaded_Wildfly/wildfly/standalone, -Djboss.server.log.dir=/home/nima/Documents/java_enterprise/homework/target/downloaded_Wildfly/wildfly/standalone/log, -Djboss.server.config.dir=/home/nima/Documents/java_enterprise/homework/target/downloaded_Wildfly/wildfly/standalone/configuration]
Feb 18, 2018 10:16:30 PM org.jboss.remoting3.EndpointImpl <clinit>
INFO: JBoss Remoting version 5.0.0.Final
Feb 18, 2018 10:16:30 PM org.xnio.Xnio <clinit>
INFO: XNIO version 3.5.1.Final
Feb 18, 2018 10:16:30 PM org.xnio.nio.NioXnio <clinit>
INFO: XNIO NIO Implementation Version 3.5.1.Final
Feb 18, 2018 10:16:30 PM org.wildfly.security.Version <clinit>
INFO: ELY00001: WildFly Elytron version 1.1.0.Final
Feb 18, 2018 10:16:36 PM org.jboss.as.arquillian.container.ArchiveDeployer undeploy
WARN: Failed to undeploy test.war: {"WFLYCTL0062: Composite operation failed and was rolled back. Steps that failed:" => {"Operation step-1" => "WFLYCTL0216: Management resource '[(\"deployment\" => \"test.war\")]' not found"}}
]]></system-err>
  </testcase>
</testsuite>